mode: set
github.com/gizzahub/gzh-manager-go/main.go:12.13,13.45 1 0
github.com/gizzahub/gzh-manager-go/main.go:13.45,16.3 2 0
github.com/gizzahub/gzh-manager-go/cmd/man.go:19.26,29.55 2 0
github.com/gizzahub/gzh-manager-go/cmd/man.go:29.55,31.18 2 0
github.com/gizzahub/gzh-manager-go/cmd/man.go:31.18,33.5 1 0
github.com/gizzahub/gzh-manager-go/cmd/man.go:35.4,37.14 2 0
github.com/gizzahub/gzh-manager-go/cmd/man.go:41.2,43.13 2 0
github.com/gizzahub/gzh-manager-go/cmd/root.go:18.48,22.55 1 1
github.com/gizzahub/gzh-manager-go/cmd/root.go:22.55,24.4 1 1
github.com/gizzahub/gzh-manager-go/cmd/root.go:27.2,38.12 11 1
github.com/gizzahub/gzh-manager-go/cmd/root.go:42.36,43.54 1 0
github.com/gizzahub/gzh-manager-go/cmd/root.go:43.54,45.3 1 0
github.com/gizzahub/gzh-manager-go/cmd/root.go:47.2,47.12 1 0
github.com/gizzahub/gzh-manager-go/cmd/version.go:9.51,15.48 1 1
github.com/gizzahub/gzh-manager-go/cmd/version.go:15.48,17.4 1 1
github.com/gizzahub/gzh-manager-go/cmd/ide/ide.go:32.38,42.2 2 1
github.com/gizzahub/gzh-manager-go/cmd/ide/ide.go:44.33,84.2 5 1
github.com/gizzahub/gzh-manager-go/cmd/ide/ide.go:86.40,122.2 10 1
github.com/gizzahub/gzh-manager-go/cmd/ide/ide.go:124.37,147.2 4 1
github.com/gizzahub/gzh-manager-go/cmd/ide/ide.go:149.40,178.2 5 1
github.com/gizzahub/gzh-manager-go/cmd/ide/ide.go:180.72,182.16 2 0
github.com/gizzahub/gzh-manager-go/cmd/ide/ide.go:182.16,184.3 1 0
github.com/gizzahub/gzh-manager-go/cmd/ide/ide.go:186.2,186.25 1 0
github.com/gizzahub/gzh-manager-go/cmd/ide/ide.go:186.25,189.3 2 0
github.com/gizzahub/gzh-manager-go/cmd/ide/ide.go:191.2,194.15 3 0
github.com/gizzahub/gzh-manager-go/cmd/ide/ide.go:194.15,195.33 1 0
github.com/gizzahub/gzh-manager-go/cmd/ide/ide.go:195.33,197.4 1 0
github.com/gizzahub/gzh-manager-go/cmd/ide/ide.go:200.2,204.16 4 0
github.com/gizzahub/gzh-manager-go/cmd/ide/ide.go:204.16,206.3 1 0
github.com/gizzahub/gzh-manager-go/cmd/ide/ide.go:207.2,210.32 2 0
github.com/gizzahub/gzh-manager-go/cmd/ide/ide.go:210.32,211.59 1 0
github.com/gizzahub/gzh-manager-go/cmd/ide/ide.go:211.59,213.4 1 0
github.com/gizzahub/gzh-manager-go/cmd/ide/ide.go:216.2,220.6 3 0
github.com/gizzahub/gzh-manager-go/cmd/ide/ide.go:220.6,221.10 1 0
github.com/gizzahub/gzh-manager-go/cmd/ide/ide.go:222.38,223.11 1 0
github.com/gizzahub/gzh-manager-go/cmd/ide/ide.go:223.11,225.5 1 0
github.com/gizzahub/gzh-manager-go/cmd/ide/ide.go:226.4,226.28 1 0
github.com/gizzahub/gzh-manager-go/cmd/ide/ide.go:228.36,229.11 1 0
github.com/gizzahub/gzh-manager-go/cmd/ide/ide.go:229.11,231.5 1 0
github.com/gizzahub/gzh-manager-go/cmd/ide/ide.go:232.4,232.46 1 0
github.com/gizzahub/gzh-manager-go/cmd/ide/ide.go:237.69,239.16 2 0
github.com/gizzahub/gzh-manager-go/cmd/ide/ide.go:239.16,241.3 1 0
github.com/gizzahub/gzh-manager-go/cmd/ide/ide.go:243.2,243.24 1 0
github.com/gizzahub/gzh-manager-go/cmd/ide/ide.go:243.24,246.3 2 0
github.com/gizzahub/gzh-manager-go/cmd/ide/ide.go:248.2,250.35 2 0
github.com/gizzahub/gzh-manager-go/cmd/ide/ide.go:250.35,254.16 3 0
github.com/gizzahub/gzh-manager-go/cmd/ide/ide.go:254.16,256.58 1 0
github.com/gizzahub/gzh-manager-go/cmd/ide/ide.go:256.58,263.5 4 0
github.com/gizzahub/gzh-manager-go/cmd/ide/ide.go:263.10,265.5 1 0
github.com/gizzahub/gzh-manager-go/cmd/ide/ide.go:268.3,268.16 1 0
github.com/gizzahub/gzh-manager-go/cmd/ide/ide.go:271.2,271.12 1 0
github.com/gizzahub/gzh-manager-go/cmd/ide/ide.go:274.72,276.16 2 0
github.com/gizzahub/gzh-manager-go/cmd/ide/ide.go:276.16,278.3 1 0
github.com/gizzahub/gzh-manager-go/cmd/ide/ide.go:280.2,280.21 1 0
github.com/gizzahub/gzh-manager-go/cmd/ide/ide.go:280.21,283.30 2 0
github.com/gizzahub/gzh-manager-go/cmd/ide/ide.go:283.30,284.46 1 0
github.com/gizzahub/gzh-manager-go/cmd/ide/ide.go:284.46,286.5 1 0
github.com/gizzahub/gzh-manager-go/cmd/ide/ide.go:288.3,288.22 1 0
github.com/gizzahub/gzh-manager-go/cmd/ide/ide.go:291.2,291.24 1 0
github.com/gizzahub/gzh-manager-go/cmd/ide/ide.go:291.24,294.3 2 0
github.com/gizzahub/gzh-manager-go/cmd/ide/ide.go:296.2,298.35 2 0
github.com/gizzahub/gzh-manager-go/cmd/ide/ide.go:298.35,301.57 2 0
github.com/gizzahub/gzh-manager-go/cmd/ide/ide.go:301.57,303.4 1 0
github.com/gizzahub/gzh-manager-go/cmd/ide/ide.go:303.9,305.4 1 0
github.com/gizzahub/gzh-manager-go/cmd/ide/ide.go:307.3,307.16 1 0
github.com/gizzahub/gzh-manager-go/cmd/ide/ide.go:310.2,310.12 1 0
github.com/gizzahub/gzh-manager-go/cmd/ide/ide.go:313.62,314.22 1 0
github.com/gizzahub/gzh-manager-go/cmd/ide/ide.go:314.22,317.3 1 0
github.com/gizzahub/gzh-manager-go/cmd/ide/ide.go:320.2,321.16 2 0
github.com/gizzahub/gzh-manager-go/cmd/ide/ide.go:321.16,323.3 1 0
github.com/gizzahub/gzh-manager-go/cmd/ide/ide.go:326.2,326.21 1 0
github.com/gizzahub/gzh-manager-go/cmd/ide/ide.go:326.21,328.30 2 0
github.com/gizzahub/gzh-manager-go/cmd/ide/ide.go:328.30,329.46 1 0
github.com/gizzahub/gzh-manager-go/cmd/ide/ide.go:329.46,331.5 1 0
github.com/gizzahub/gzh-manager-go/cmd/ide/ide.go:333.3,333.22 1 0
github.com/gizzahub/gzh-manager-go/cmd/ide/ide.go:336.2,337.35 2 0
github.com/gizzahub/gzh-manager-go/cmd/ide/ide.go:337.35,339.3 1 0
github.com/gizzahub/gzh-manager-go/cmd/ide/ide.go:341.2,341.18 1 0
github.com/gizzahub/gzh-manager-go/cmd/ide/ide.go:344.76,348.37 3 0
github.com/gizzahub/gzh-manager-go/cmd/ide/ide.go:348.37,349.54 1 0
github.com/gizzahub/gzh-manager-go/cmd/ide/ide.go:349.54,350.12 1 0
github.com/gizzahub/gzh-manager-go/cmd/ide/ide.go:353.3,354.17 2 0
github.com/gizzahub/gzh-manager-go/cmd/ide/ide.go:354.17,355.12 1 0
github.com/gizzahub/gzh-manager-go/cmd/ide/ide.go:358.3,358.33 1 0
github.com/gizzahub/gzh-manager-go/cmd/ide/ide.go:358.33,359.22 1 0
github.com/gizzahub/gzh-manager-go/cmd/ide/ide.go:359.22,360.13 1 0
github.com/gizzahub/gzh-manager-go/cmd/ide/ide.go:363.4,364.34 2 0
github.com/gizzahub/gzh-manager-go/cmd/ide/ide.go:364.34,371.5 2 0
github.com/gizzahub/gzh-manager-go/cmd/ide/ide.go:375.2,375.22 1 0
github.com/gizzahub/gzh-manager-go/cmd/ide/ide.go:378.55,379.22 1 1
github.com/gizzahub/gzh-manager-go/cmd/ide/ide.go:380.15,384.4 2 1
github.com/gizzahub/gzh-manager-go/cmd/ide/ide.go:385.16,389.4 2 0
github.com/gizzahub/gzh-manager-go/cmd/ide/ide.go:390.17,392.20 2 0
github.com/gizzahub/gzh-manager-go/cmd/ide/ide.go:392.20,395.4 2 0
github.com/gizzahub/gzh-manager-go/cmd/ide/ide.go:396.3,398.4 1 0
github.com/gizzahub/gzh-manager-go/cmd/ide/ide.go:399.10,400.20 1 0
github.com/gizzahub/gzh-manager-go/cmd/ide/ide.go:404.59,410.44 2 1
github.com/gizzahub/gzh-manager-go/cmd/ide/ide.go:410.44,411.39 1 1
github.com/gizzahub/gzh-manager-go/cmd/ide/ide.go:411.39,413.4 1 1
github.com/gizzahub/gzh-manager-go/cmd/ide/ide.go:416.2,416.14 1 1
github.com/gizzahub/gzh-manager-go/cmd/ide/ide.go:419.63,421.31 1 1
github.com/gizzahub/gzh-manager-go/cmd/ide/ide.go:421.31,422.33 1 1
github.com/gizzahub/gzh-manager-go/cmd/ide/ide.go:422.33,426.4 3 1
github.com/gizzahub/gzh-manager-go/cmd/ide/ide.go:428.2,428.16 1 1
github.com/gizzahub/gzh-manager-go/cmd/ide/ide.go:431.86,432.82 1 0
github.com/gizzahub/gzh-manager-go/cmd/ide/ide.go:432.82,433.17 1 0
github.com/gizzahub/gzh-manager-go/cmd/ide/ide.go:433.17,435.4 1 0
github.com/gizzahub/gzh-manager-go/cmd/ide/ide.go:437.3,437.20 1 0
github.com/gizzahub/gzh-manager-go/cmd/ide/ide.go:437.20,439.4 1 0
github.com/gizzahub/gzh-manager-go/cmd/ide/ide.go:442.3,442.42 1 0
github.com/gizzahub/gzh-manager-go/cmd/ide/ide.go:442.42,443.39 1 0
github.com/gizzahub/gzh-manager-go/cmd/ide/ide.go:443.39,444.21 1 0
github.com/gizzahub/gzh-manager-go/cmd/ide/ide.go:444.21,446.6 1 0
github.com/gizzahub/gzh-manager-go/cmd/ide/ide.go:447.5,447.15 1 0
github.com/gizzahub/gzh-manager-go/cmd/ide/ide.go:451.3,451.27 1 0
github.com/gizzahub/gzh-manager-go/cmd/ide/ide.go:455.60,457.32 1 0
github.com/gizzahub/gzh-manager-go/cmd/ide/ide.go:457.32,459.3 1 0
github.com/gizzahub/gzh-manager-go/cmd/ide/ide.go:461.2,465.9 4 0
github.com/gizzahub/gzh-manager-go/cmd/ide/ide.go:466.51,467.16 1 0
github.com/gizzahub/gzh-manager-go/cmd/ide/ide.go:468.49,469.18 1 0
github.com/gizzahub/gzh-manager-go/cmd/ide/ide.go:470.51,471.19 1 0
github.com/gizzahub/gzh-manager-go/cmd/ide/ide.go:472.51,473.16 1 0
github.com/gizzahub/gzh-manager-go/cmd/ide/ide.go:474.49,475.16 1 0
github.com/gizzahub/gzh-manager-go/cmd/ide/ide.go:476.10,477.16 1 0
github.com/gizzahub/gzh-manager-go/cmd/ide/ide.go:480.2,483.41 2 0
github.com/gizzahub/gzh-manager-go/cmd/ide/ide.go:483.41,485.3 1 0
github.com/gizzahub/gzh-manager-go/cmd/ide/ide.go:487.2,487.15 1 0
github.com/gizzahub/gzh-manager-go/cmd/ide/ide.go:487.15,488.68 1 0
github.com/gizzahub/gzh-manager-go/cmd/ide/ide.go:488.68,490.4 1 0
github.com/gizzahub/gzh-manager-go/cmd/ide/ide.go:494.67,503.41 3 1
github.com/gizzahub/gzh-manager-go/cmd/ide/ide.go:503.41,504.38 1 1
github.com/gizzahub/gzh-manager-go/cmd/ide/ide.go:504.38,506.4 1 1
github.com/gizzahub/gzh-manager-go/cmd/ide/ide.go:510.2,510.47 1 1
github.com/gizzahub/gzh-manager-go/cmd/ide/ide.go:510.47,511.67 1 0
github.com/gizzahub/gzh-manager-go/cmd/ide/ide.go:511.67,513.4 1 0
github.com/gizzahub/gzh-manager-go/cmd/ide/ide.go:516.2,516.14 1 1
github.com/gizzahub/gzh-manager-go/cmd/ide/ide.go:519.62,522.94 2 1
github.com/gizzahub/gzh-manager-go/cmd/ide/ide.go:522.94,524.3 1 1
github.com/gizzahub/gzh-manager-go/cmd/ide/ide.go:525.2,525.17 1 1
github.com/gizzahub/gzh-manager-go/cmd/ide/ide.go:528.66,535.47 2 1
github.com/gizzahub/gzh-manager-go/cmd/ide/ide.go:535.47,536.46 1 1
github.com/gizzahub/gzh-manager-go/cmd/ide/ide.go:536.46,538.4 1 1
github.com/gizzahub/gzh-manager-go/cmd/ide/ide.go:541.2,541.14 1 1
github.com/gizzahub/gzh-manager-go/cmd/ide/ide.go:544.75,547.57 2 0
github.com/gizzahub/gzh-manager-go/cmd/ide/ide.go:547.57,549.3 1 0
github.com/gizzahub/gzh-manager-go/cmd/ide/ide.go:552.2,552.15 1 0
github.com/gizzahub/gzh-manager-go/cmd/ide/ide.go:552.15,554.3 1 0
github.com/gizzahub/gzh-manager-go/cmd/ide/ide.go:556.2,556.12 1 0
github.com/gizzahub/gzh-manager-go/cmd/ide/ide.go:559.61,560.53 1 0
github.com/gizzahub/gzh-manager-go/cmd/ide/ide.go:560.53,562.3 1 0
github.com/gizzahub/gzh-manager-go/cmd/ide/ide.go:565.2,566.57 2 0
github.com/gizzahub/gzh-manager-go/cmd/ide/ide.go:566.57,568.3 1 0
github.com/gizzahub/gzh-manager-go/cmd/ide/ide.go:571.2,572.16 2 0
github.com/gizzahub/gzh-manager-go/cmd/ide/ide.go:572.16,574.3 1 0
github.com/gizzahub/gzh-manager-go/cmd/ide/ide.go:577.2,580.37 3 0
github.com/gizzahub/gzh-manager-go/cmd/ide/ide.go:580.37,581.77 1 0
github.com/gizzahub/gzh-manager-go/cmd/ide/ide.go:581.77,583.4 1 0
github.com/gizzahub/gzh-manager-go/cmd/ide/ide.go:585.3,585.86 1 0
github.com/gizzahub/gzh-manager-go/cmd/ide/ide.go:588.2,588.12 1 0
github.com/gizzahub/gzh-manager-go/cmd/ide/ide.go:591.68,600.29 4 1
github.com/gizzahub/gzh-manager-go/cmd/ide/ide.go:600.29,602.38 2 1
github.com/gizzahub/gzh-manager-go/cmd/ide/ide.go:602.38,605.4 2 1
github.com/gizzahub/gzh-manager-go/cmd/ide/ide.go:608.2,608.40 1 1
github.com/gizzahub/gzh-manager-go/cmd/ide/ide.go:611.54,613.16 2 1
github.com/gizzahub/gzh-manager-go/cmd/ide/ide.go:613.16,615.3 1 0
github.com/gizzahub/gzh-manager-go/cmd/ide/ide.go:617.2,618.16 2 1
github.com/gizzahub/gzh-manager-go/cmd/ide/ide.go:618.16,620.3 1 0
github.com/gizzahub/gzh-manager-go/cmd/ide/ide.go:622.2,622.12 1 1
github.com/gizzahub/gzh-manager-go/cmd/ide/ide.go:625.52,627.76 2 0
github.com/gizzahub/gzh-manager-go/cmd/ide/ide.go:627.76,628.17 1 0
github.com/gizzahub/gzh-manager-go/cmd/ide/ide.go:628.17,630.4 1 0
github.com/gizzahub/gzh-manager-go/cmd/ide/ide.go:631.3,631.20 1 0
github.com/gizzahub/gzh-manager-go/cmd/ide/ide.go:631.20,633.4 1 0
github.com/gizzahub/gzh-manager-go/cmd/ide/ide.go:634.3,634.13 1 0
github.com/gizzahub/gzh-manager-go/cmd/ide/ide.go:636.2,636.13 1 0
github.com/gizzahub/gzh-manager-go/cmd/ide/ide.go:639.53,641.18 2 1
github.com/gizzahub/gzh-manager-go/cmd/ide/ide.go:641.18,643.3 1 1
github.com/gizzahub/gzh-manager-go/cmd/ide/ide.go:644.2,645.46 2 1
github.com/gizzahub/gzh-manager-go/cmd/ide/ide.go:645.46,648.3 2 1
github.com/gizzahub/gzh-manager-go/cmd/ide/ide.go:649.2,649.76 1 1
github.com/gizzahub/gzh-manager-go/cmd/ide/ide.go:652.56,654.76 2 0
github.com/gizzahub/gzh-manager-go/cmd/ide/ide.go:654.76,655.17 1 0
github.com/gizzahub/gzh-manager-go/cmd/ide/ide.go:655.17,657.4 1 0
github.com/gizzahub/gzh-manager-go/cmd/ide/ide.go:658.3,658.107 1 0
github.com/gizzahub/gzh-manager-go/cmd/ide/ide.go:658.107,660.4 1 0
github.com/gizzahub/gzh-manager-go/cmd/ide/ide.go:661.3,661.13 1 0
github.com/gizzahub/gzh-manager-go/cmd/ide/ide.go:663.2,663.14 1 0
github.com/gizzahub/gzh-manager-go/cmd/bulk-clone/bulk_clone.go:21.50,25.2 1 1
github.com/gizzahub/gzh-manager-go/cmd/bulk-clone/bulk_clone.go:27.39,60.2 14 1
github.com/gizzahub/gzh-manager-go/cmd/bulk-clone/bulk_clone.go:62.71,64.20 1 1
github.com/gizzahub/gzh-manager-go/cmd/bulk-clone/bulk_clone.go:64.20,66.3 1 0
github.com/gizzahub/gzh-manager-go/cmd/bulk-clone/bulk_clone.go:69.2,70.24 2 1
github.com/gizzahub/gzh-manager-go/cmd/bulk-clone/bulk_clone.go:70.24,72.3 1 1
github.com/gizzahub/gzh-manager-go/cmd/bulk-clone/bulk_clone.go:74.2,75.16 2 1
github.com/gizzahub/gzh-manager-go/cmd/bulk-clone/bulk_clone.go:75.16,77.3 1 1
github.com/gizzahub/gzh-manager-go/cmd/bulk-clone/bulk_clone.go:80.2,80.76 1 1
github.com/gizzahub/gzh-manager-go/cmd/bulk-clone/bulk_clone.go:80.76,82.3 1 1
github.com/gizzahub/gzh-manager-go/cmd/bulk-clone/bulk_clone.go:85.2,85.41 1 1
github.com/gizzahub/gzh-manager-go/cmd/bulk-clone/bulk_clone.go:85.41,87.70 1 1
github.com/gizzahub/gzh-manager-go/cmd/bulk-clone/bulk_clone.go:87.70,88.12 1 0
github.com/gizzahub/gzh-manager-go/cmd/bulk-clone/bulk_clone.go:91.3,96.28 3 1
github.com/gizzahub/gzh-manager-go/cmd/bulk-clone/bulk_clone.go:97.17,99.18 2 1
github.com/gizzahub/gzh-manager-go/cmd/bulk-clone/bulk_clone.go:99.18,101.13 2 1
github.com/gizzahub/gzh-manager-go/cmd/bulk-clone/bulk_clone.go:103.17,107.18 2 1
github.com/gizzahub/gzh-manager-go/cmd/bulk-clone/bulk_clone.go:107.18,109.13 2 1
github.com/gizzahub/gzh-manager-go/cmd/bulk-clone/bulk_clone.go:111.11,113.12 2 0
github.com/gizzahub/gzh-manager-go/cmd/bulk-clone/bulk_clone.go:116.3,116.88 1 0
github.com/gizzahub/gzh-manager-go/cmd/bulk-clone/bulk_clone.go:120.2,120.38 1 1
github.com/gizzahub/gzh-manager-go/cmd/bulk-clone/bulk_clone.go:120.38,124.17 4 1
github.com/gizzahub/gzh-manager-go/cmd/bulk-clone/bulk_clone.go:124.17,126.4 1 1
github.com/gizzahub/gzh-manager-go/cmd/bulk-clone/bulk_clone.go:126.9,128.4 1 0
github.com/gizzahub/gzh-manager-go/cmd/bulk-clone/bulk_clone.go:131.2,131.40 1 1
github.com/gizzahub/gzh-manager-go/cmd/bulk-clone/bulk_clone.go:131.40,135.17 4 1
github.com/gizzahub/gzh-manager-go/cmd/bulk-clone/bulk_clone.go:135.17,137.4 1 1
github.com/gizzahub/gzh-manager-go/cmd/bulk-clone/bulk_clone.go:137.9,139.4 1 0
github.com/gizzahub/gzh-manager-go/cmd/bulk-clone/bulk_clone.go:142.2,143.12 2 1
github.com/gizzahub/gzh-manager-go/cmd/bulk-clone/bulk_clone.go:147.53,150.16 2 0
github.com/gizzahub/gzh-manager-go/cmd/bulk-clone/bulk_clone.go:150.16,152.3 1 0
github.com/gizzahub/gzh-manager-go/cmd/bulk-clone/bulk_clone.go:155.2,159.28 3 0
github.com/gizzahub/gzh-manager-go/cmd/bulk-clone/bulk_clone.go:159.28,160.72 1 0
github.com/gizzahub/gzh-manager-go/cmd/bulk-clone/bulk_clone.go:160.72,162.4 1 0
github.com/gizzahub/gzh-manager-go/cmd/bulk-clone/bulk_clone.go:163.3,164.17 2 0
github.com/gizzahub/gzh-manager-go/cmd/bulk-clone/bulk_clone.go:164.17,166.4 1 0
github.com/gizzahub/gzh-manager-go/cmd/bulk-clone/bulk_clone.go:167.8,169.17 2 0
github.com/gizzahub/gzh-manager-go/cmd/bulk-clone/bulk_clone.go:169.17,171.4 1 0
github.com/gizzahub/gzh-manager-go/cmd/bulk-clone/bulk_clone.go:174.2,174.23 1 0
github.com/gizzahub/gzh-manager-go/cmd/bulk-clone/bulk_clone.go:174.23,177.3 2 0
github.com/gizzahub/gzh-manager-go/cmd/bulk-clone/bulk_clone.go:179.2,183.33 3 0
github.com/gizzahub/gzh-manager-go/cmd/bulk-clone/bulk_clone.go:183.33,187.28 2 0
github.com/gizzahub/gzh-manager-go/cmd/bulk-clone/bulk_clone.go:187.28,189.4 1 0
github.com/gizzahub/gzh-manager-go/cmd/bulk-clone/bulk_clone.go:192.3,192.92 1 0
github.com/gizzahub/gzh-manager-go/cmd/bulk-clone/bulk_clone.go:192.92,195.4 2 0
github.com/gizzahub/gzh-manager-go/cmd/bulk-clone/bulk_clone.go:198.3,202.25 4 0
github.com/gizzahub/gzh-manager-go/cmd/bulk-clone/bulk_clone.go:202.25,204.4 1 0
github.com/gizzahub/gzh-manager-go/cmd/bulk-clone/bulk_clone.go:207.3,208.17 2 0
github.com/gizzahub/gzh-manager-go/cmd/bulk-clone/bulk_clone.go:208.17,210.12 2 0
github.com/gizzahub/gzh-manager-go/cmd/bulk-clone/bulk_clone.go:213.3,214.17 2 0
github.com/gizzahub/gzh-manager-go/cmd/bulk-clone/bulk_clone.go:217.2,218.12 2 0
github.com/gizzahub/gzh-manager-go/cmd/bulk-clone/bulk_clone.go:222.107,223.25 1 0
github.com/gizzahub/gzh-manager-go/cmd/bulk-clone/bulk_clone.go:224.29,225.69 1 0
github.com/gizzahub/gzh-manager-go/cmd/bulk-clone/bulk_clone.go:226.29,227.69 1 0
github.com/gizzahub/gzh-manager-go/cmd/bulk-clone/bulk_clone.go:228.28,230.78 1 0
github.com/gizzahub/gzh-manager-go/cmd/bulk-clone/bulk_clone.go:231.27,233.77 1 0
github.com/gizzahub/gzh-manager-go/cmd/bulk-clone/bulk_clone.go:234.10,235.65 1 0
github.com/gizzahub/gzh-manager-go/cmd/bulk-clone/bulk_clone_gitea.go:15.60,19.2 1 1
github.com/gizzahub/gzh-manager-go/cmd/bulk-clone/bulk_clone_gitea.go:21.44,36.2 6 1
github.com/gizzahub/gzh-manager-go/cmd/bulk-clone/bulk_clone_gitea.go:38.76,39.43 1 0
github.com/gizzahub/gzh-manager-go/cmd/bulk-clone/bulk_clone_gitea.go:39.43,41.3 1 0
github.com/gizzahub/gzh-manager-go/cmd/bulk-clone/bulk_clone_gitea.go:44.2,44.76 1 0
github.com/gizzahub/gzh-manager-go/cmd/bulk-clone/bulk_clone_gitea.go:44.76,46.3 1 0
github.com/gizzahub/gzh-manager-go/cmd/bulk-clone/bulk_clone_gitea.go:53.2,53.12 1 0
github.com/gizzahub/gzh-manager-go/cmd/bulk-clone/bulk_clone_github.go:19.62,23.2 1 1
github.com/gizzahub/gzh-manager-go/cmd/bulk-clone/bulk_clone_github.go:25.45,47.2 11 1
github.com/gizzahub/gzh-manager-go/cmd/bulk-clone/bulk_clone_github.go:49.77,51.39 1 1
github.com/gizzahub/gzh-manager-go/cmd/bulk-clone/bulk_clone_github.go:51.39,53.17 2 0
github.com/gizzahub/gzh-manager-go/cmd/bulk-clone/bulk_clone_github.go:53.17,55.4 1 0
github.com/gizzahub/gzh-manager-go/cmd/bulk-clone/bulk_clone_github.go:58.2,58.43 1 1
github.com/gizzahub/gzh-manager-go/cmd/bulk-clone/bulk_clone_github.go:58.43,60.3 1 1
github.com/gizzahub/gzh-manager-go/cmd/bulk-clone/bulk_clone_github.go:63.2,63.76 1 1
github.com/gizzahub/gzh-manager-go/cmd/bulk-clone/bulk_clone_github.go:63.76,65.3 1 1
github.com/gizzahub/gzh-manager-go/cmd/bulk-clone/bulk_clone_github.go:67.2,68.16 2 1
github.com/gizzahub/gzh-manager-go/cmd/bulk-clone/bulk_clone_github.go:68.16,72.3 1 1
github.com/gizzahub/gzh-manager-go/cmd/bulk-clone/bulk_clone_github.go:74.2,74.12 1 0
github.com/gizzahub/gzh-manager-go/cmd/bulk-clone/bulk_clone_github.go:77.57,79.24 2 1
github.com/gizzahub/gzh-manager-go/cmd/bulk-clone/bulk_clone_github.go:79.24,81.3 1 1
github.com/gizzahub/gzh-manager-go/cmd/bulk-clone/bulk_clone_github.go:83.2,84.16 2 1
github.com/gizzahub/gzh-manager-go/cmd/bulk-clone/bulk_clone_github.go:84.16,86.3 1 0
github.com/gizzahub/gzh-manager-go/cmd/bulk-clone/bulk_clone_github.go:89.2,89.21 1 1
github.com/gizzahub/gzh-manager-go/cmd/bulk-clone/bulk_clone_github.go:89.21,92.29 1 0
github.com/gizzahub/gzh-manager-go/cmd/bulk-clone/bulk_clone_github.go:92.29,94.4 1 0
github.com/gizzahub/gzh-manager-go/cmd/bulk-clone/bulk_clone_github.go:94.9,94.46 1 0
github.com/gizzahub/gzh-manager-go/cmd/bulk-clone/bulk_clone_github.go:94.46,96.4 1 0
github.com/gizzahub/gzh-manager-go/cmd/bulk-clone/bulk_clone_github.go:96.9,98.4 1 0
github.com/gizzahub/gzh-manager-go/cmd/bulk-clone/bulk_clone_github.go:102.2,103.16 2 1
github.com/gizzahub/gzh-manager-go/cmd/bulk-clone/bulk_clone_github.go:103.16,105.3 1 0
github.com/gizzahub/gzh-manager-go/cmd/bulk-clone/bulk_clone_github.go:108.2,108.52 1 1
github.com/gizzahub/gzh-manager-go/cmd/bulk-clone/bulk_clone_github.go:108.52,110.3 1 1
github.com/gizzahub/gzh-manager-go/cmd/bulk-clone/bulk_clone_github.go:115.2,115.12 1 1
github.com/gizzahub/gzh-manager-go/cmd/bulk-clone/bulk_clone_gitlab.go:20.62,24.2 1 1
github.com/gizzahub/gzh-manager-go/cmd/bulk-clone/bulk_clone_gitlab.go:26.45,49.2 12 1
github.com/gizzahub/gzh-manager-go/cmd/bulk-clone/bulk_clone_gitlab.go:51.77,53.39 1 1
github.com/gizzahub/gzh-manager-go/cmd/bulk-clone/bulk_clone_gitlab.go:53.39,55.17 2 0
github.com/gizzahub/gzh-manager-go/cmd/bulk-clone/bulk_clone_gitlab.go:55.17,57.4 1 0
github.com/gizzahub/gzh-manager-go/cmd/bulk-clone/bulk_clone_gitlab.go:60.2,60.45 1 1
github.com/gizzahub/gzh-manager-go/cmd/bulk-clone/bulk_clone_gitlab.go:60.45,62.3 1 0
github.com/gizzahub/gzh-manager-go/cmd/bulk-clone/bulk_clone_gitlab.go:65.2,65.76 1 1
github.com/gizzahub/gzh-manager-go/cmd/bulk-clone/bulk_clone_gitlab.go:65.76,67.3 1 1
github.com/gizzahub/gzh-manager-go/cmd/bulk-clone/bulk_clone_gitlab.go:69.2,70.16 2 1
github.com/gizzahub/gzh-manager-go/cmd/bulk-clone/bulk_clone_gitlab.go:70.16,72.3 1 1
github.com/gizzahub/gzh-manager-go/cmd/bulk-clone/bulk_clone_gitlab.go:74.2,74.12 1 0
github.com/gizzahub/gzh-manager-go/cmd/bulk-clone/bulk_clone_gitlab.go:77.57,79.24 2 1
github.com/gizzahub/gzh-manager-go/cmd/bulk-clone/bulk_clone_gitlab.go:79.24,81.3 1 1
github.com/gizzahub/gzh-manager-go/cmd/bulk-clone/bulk_clone_gitlab.go:83.2,84.16 2 1
github.com/gizzahub/gzh-manager-go/cmd/bulk-clone/bulk_clone_gitlab.go:84.16,86.3 1 0
github.com/gizzahub/gzh-manager-go/cmd/bulk-clone/bulk_clone_gitlab.go:89.2,89.23 1 1
github.com/gizzahub/gzh-manager-go/cmd/bulk-clone/bulk_clone_gitlab.go:89.23,90.41 1 0
github.com/gizzahub/gzh-manager-go/cmd/bulk-clone/bulk_clone_gitlab.go:90.41,92.4 1 0
github.com/gizzahub/gzh-manager-go/cmd/bulk-clone/bulk_clone_gitlab.go:92.9,94.4 1 0
github.com/gizzahub/gzh-manager-go/cmd/bulk-clone/bulk_clone_gitlab.go:98.2,99.16 2 1
github.com/gizzahub/gzh-manager-go/cmd/bulk-clone/bulk_clone_gitlab.go:99.16,101.3 1 0
github.com/gizzahub/gzh-manager-go/cmd/bulk-clone/bulk_clone_gitlab.go:104.2,104.54 1 1
github.com/gizzahub/gzh-manager-go/cmd/bulk-clone/bulk_clone_gitlab.go:104.54,106.3 1 1
github.com/gizzahub/gzh-manager-go/cmd/bulk-clone/bulk_clone_gitlab.go:108.2,108.45 1 1
github.com/gizzahub/gzh-manager-go/cmd/bulk-clone/bulk_clone_gitlab.go:108.45,110.3 1 1
github.com/gizzahub/gzh-manager-go/cmd/bulk-clone/bulk_clone_gitlab.go:112.2,112.12 1 1
github.com/gizzahub/gzh-manager-go/cmd/bulk-clone/bulk_clone_gogs.go:15.58,19.2 1 1
github.com/gizzahub/gzh-manager-go/cmd/bulk-clone/bulk_clone_gogs.go:21.43,39.2 8 1
github.com/gizzahub/gzh-manager-go/cmd/bulk-clone/bulk_clone_gogs.go:41.75,42.43 1 0
github.com/gizzahub/gzh-manager-go/cmd/bulk-clone/bulk_clone_gogs.go:42.43,44.3 1 0
github.com/gizzahub/gzh-manager-go/cmd/bulk-clone/bulk_clone_gogs.go:47.2,47.76 1 0
github.com/gizzahub/gzh-manager-go/cmd/bulk-clone/bulk_clone_gogs.go:47.76,49.3 1 0
github.com/gizzahub/gzh-manager-go/cmd/bulk-clone/bulk_clone_gogs.go:57.2,57.12 1 0
github.com/gizzahub/gzh-manager-go/cmd/bulk-clone/bulk_clone_validate.go:14.66,16.2 1 1
github.com/gizzahub/gzh-manager-go/cmd/bulk-clone/bulk_clone_validate.go:18.47,44.2 5 1
github.com/gizzahub/gzh-manager-go/cmd/bulk-clone/bulk_clone_validate.go:46.81,49.38 2 0
github.com/gizzahub/gzh-manager-go/cmd/bulk-clone/bulk_clone_validate.go:49.38,51.3 1 0
github.com/gizzahub/gzh-manager-go/cmd/bulk-clone/bulk_clone_validate.go:53.2,54.15 2 0
github.com/gizzahub/gzh-manager-go/cmd/bulk-clone/bulk_clone_validate.go:54.15,56.17 2 0
github.com/gizzahub/gzh-manager-go/cmd/bulk-clone/bulk_clone_validate.go:56.17,58.4 1 0
github.com/gizzahub/gzh-manager-go/cmd/bulk-clone/bulk_clone_validate.go:59.3,60.55 2 0
github.com/gizzahub/gzh-manager-go/cmd/bulk-clone/bulk_clone_validate.go:61.8,63.3 1 0
github.com/gizzahub/gzh-manager-go/cmd/bulk-clone/bulk_clone_validate.go:66.2,67.16 2 0
github.com/gizzahub/gzh-manager-go/cmd/bulk-clone/bulk_clone_validate.go:67.16,69.3 1 0
github.com/gizzahub/gzh-manager-go/cmd/bulk-clone/bulk_clone_validate.go:72.2,72.71 1 0
github.com/gizzahub/gzh-manager-go/cmd/bulk-clone/bulk_clone_validate.go:72.71,74.3 1 0
github.com/gizzahub/gzh-manager-go/cmd/bulk-clone/bulk_clone_validate.go:77.2,83.12 6 0
github.com/gizzahub/gzh-manager-go/cmd/config/config.go:8.36,16.55 1 0
github.com/gizzahub/gzh-manager-go/cmd/config/config.go:16.55,18.4 1 0
github.com/gizzahub/gzh-manager-go/cmd/config/config.go:22.2,26.12 4 0
github.com/gizzahub/gzh-manager-go/cmd/config/config.go:30.38,56.55 2 0
github.com/gizzahub/gzh-manager-go/cmd/config/config.go:56.55,58.21 1 0
github.com/gizzahub/gzh-manager-go/cmd/config/config.go:58.21,60.5 1 0
github.com/gizzahub/gzh-manager-go/cmd/config/config.go:62.4,62.54 1 0
github.com/gizzahub/gzh-manager-go/cmd/config/config.go:67.2,71.12 4 0
github.com/gizzahub/gzh-manager-go/cmd/config/init.go:13.34,34.55 2 0
github.com/gizzahub/gzh-manager-go/cmd/config/init.go:34.55,36.21 1 0
github.com/gizzahub/gzh-manager-go/cmd/config/init.go:36.21,38.5 1 0
github.com/gizzahub/gzh-manager-go/cmd/config/init.go:38.10,38.31 1 0
github.com/gizzahub/gzh-manager-go/cmd/config/init.go:38.31,40.5 1 0
github.com/gizzahub/gzh-manager-go/cmd/config/init.go:42.4,42.55 1 0
github.com/gizzahub/gzh-manager-go/cmd/config/init.go:47.2,51.12 4 0
github.com/gizzahub/gzh-manager-go/cmd/config/init.go:81.74,83.57 1 1
github.com/gizzahub/gzh-manager-go/cmd/config/init.go:83.57,85.3 1 1
github.com/gizzahub/gzh-manager-go/cmd/config/init.go:87.2,90.13 3 1
github.com/gizzahub/gzh-manager-go/cmd/config/init.go:90.13,92.3 1 1
github.com/gizzahub/gzh-manager-go/cmd/config/init.go:94.2,94.44 1 0
github.com/gizzahub/gzh-manager-go/cmd/config/init.go:98.51,119.73 3 1
github.com/gizzahub/gzh-manager-go/cmd/config/init.go:119.73,121.3 1 0
github.com/gizzahub/gzh-manager-go/cmd/config/init.go:123.2,130.12 7 1
github.com/gizzahub/gzh-manager-go/cmd/config/init.go:134.55,150.78 8 0
github.com/gizzahub/gzh-manager-go/cmd/config/init.go:150.78,152.3 1 0
github.com/gizzahub/gzh-manager-go/cmd/config/init.go:155.2,156.40 2 0
github.com/gizzahub/gzh-manager-go/cmd/config/init.go:156.40,157.34 1 0
github.com/gizzahub/gzh-manager-go/cmd/config/init.go:157.34,158.74 1 0
github.com/gizzahub/gzh-manager-go/cmd/config/init.go:158.74,160.5 1 0
github.com/gizzahub/gzh-manager-go/cmd/config/init.go:165.2,165.37 1 0
github.com/gizzahub/gzh-manager-go/cmd/config/init.go:165.37,171.3 4 0
github.com/gizzahub/gzh-manager-go/cmd/config/init.go:174.2,176.73 2 0
github.com/gizzahub/gzh-manager-go/cmd/config/init.go:176.73,178.3 1 0
github.com/gizzahub/gzh-manager-go/cmd/config/init.go:180.2,184.43 5 0
github.com/gizzahub/gzh-manager-go/cmd/config/init.go:184.43,186.3 1 0
github.com/gizzahub/gzh-manager-go/cmd/config/init.go:187.2,190.12 3 0
github.com/gizzahub/gzh-manager-go/cmd/config/init.go:194.80,202.18 4 0
github.com/gizzahub/gzh-manager-go/cmd/config/init.go:202.18,204.3 1 0
github.com/gizzahub/gzh-manager-go/cmd/config/init.go:207.2,207.6 1 0
github.com/gizzahub/gzh-manager-go/cmd/config/init.go:207.6,209.23 2 0
github.com/gizzahub/gzh-manager-go/cmd/config/init.go:209.23,210.9 1 0
github.com/gizzahub/gzh-manager-go/cmd/config/init.go:213.3,221.66 2 0
github.com/gizzahub/gzh-manager-go/cmd/config/init.go:221.66,222.90 1 0
github.com/gizzahub/gzh-manager-go/cmd/config/init.go:222.90,224.5 1 0
github.com/gizzahub/gzh-manager-go/cmd/config/init.go:226.4,226.107 1 0
github.com/gizzahub/gzh-manager-go/cmd/config/init.go:226.107,228.35 2 0
github.com/gizzahub/gzh-manager-go/cmd/config/init.go:228.35,230.6 1 0
github.com/gizzahub/gzh-manager-go/cmd/config/init.go:234.3,236.19 2 0
github.com/gizzahub/gzh-manager-go/cmd/config/init.go:236.19,239.4 2 0
github.com/gizzahub/gzh-manager-go/cmd/config/init.go:239.9,241.4 1 0
github.com/gizzahub/gzh-manager-go/cmd/config/init.go:244.2,244.17 1 0
github.com/gizzahub/gzh-manager-go/cmd/config/init.go:248.63,252.2 3 0
github.com/gizzahub/gzh-manager-go/cmd/config/init.go:255.82,259.17 4 0
github.com/gizzahub/gzh-manager-go/cmd/config/init.go:259.17,261.3 1 0
github.com/gizzahub/gzh-manager-go/cmd/config/init.go:262.2,262.14 1 0
github.com/gizzahub/gzh-manager-go/cmd/config/init.go:266.79,268.18 2 0
github.com/gizzahub/gzh-manager-go/cmd/config/init.go:268.18,270.3 1 0
github.com/gizzahub/gzh-manager-go/cmd/config/init.go:272.2,276.17 4 0
github.com/gizzahub/gzh-manager-go/cmd/config/init.go:276.17,278.3 1 0
github.com/gizzahub/gzh-manager-go/cmd/config/init.go:280.2,280.39 1 0
github.com/gizzahub/gzh-manager-go/cmd/config/init.go:284.60,296.57 8 1
github.com/gizzahub/gzh-manager-go/cmd/config/init.go:296.57,300.29 3 1
github.com/gizzahub/gzh-manager-go/cmd/config/init.go:300.29,302.38 2 1
github.com/gizzahub/gzh-manager-go/cmd/config/init.go:302.38,304.5 1 1
github.com/gizzahub/gzh-manager-go/cmd/config/init.go:307.3,307.31 1 1
github.com/gizzahub/gzh-manager-go/cmd/config/init.go:307.31,309.42 2 1
github.com/gizzahub/gzh-manager-go/cmd/config/init.go:309.42,311.5 1 1
github.com/gizzahub/gzh-manager-go/cmd/config/init.go:314.3,314.28 1 1
github.com/gizzahub/gzh-manager-go/cmd/config/init.go:317.2,317.25 1 1
github.com/gizzahub/gzh-manager-go/cmd/config/init.go:321.82,326.24 4 1
github.com/gizzahub/gzh-manager-go/cmd/config/init.go:326.24,328.3 1 1
github.com/gizzahub/gzh-manager-go/cmd/config/init.go:330.2,330.29 1 1
github.com/gizzahub/gzh-manager-go/cmd/config/init.go:330.29,332.42 2 1
github.com/gizzahub/gzh-manager-go/cmd/config/init.go:332.42,334.4 1 1
github.com/gizzahub/gzh-manager-go/cmd/config/init.go:337.2,339.20 2 1
github.com/gizzahub/gzh-manager-go/cmd/config/init.go:339.20,341.3 1 1
github.com/gizzahub/gzh-manager-go/cmd/config/init.go:343.2,343.22 1 1
github.com/gizzahub/gzh-manager-go/cmd/config/init.go:343.22,345.3 1 1
github.com/gizzahub/gzh-manager-go/cmd/config/profile.go:14.37,33.55 1 0
github.com/gizzahub/gzh-manager-go/cmd/config/profile.go:33.55,35.4 1 0
github.com/gizzahub/gzh-manager-go/cmd/config/profile.go:39.2,45.12 6 0
github.com/gizzahub/gzh-manager-go/cmd/config/profile.go:49.41,53.55 1 0
github.com/gizzahub/gzh-manager-go/cmd/config/profile.go:53.55,55.4 1 0
github.com/gizzahub/gzh-manager-go/cmd/config/profile.go:60.43,70.55 2 0
github.com/gizzahub/gzh-manager-go/cmd/config/profile.go:70.55,73.4 2 0
github.com/gizzahub/gzh-manager-go/cmd/config/profile.go:76.2,79.12 3 0
github.com/gizzahub/gzh-manager-go/cmd/config/profile.go:83.40,88.55 1 0
github.com/gizzahub/gzh-manager-go/cmd/config/profile.go:88.55,91.4 2 0
github.com/gizzahub/gzh-manager-go/cmd/config/profile.go:96.44,100.55 1 0
github.com/gizzahub/gzh-manager-go/cmd/config/profile.go:100.55,102.4 1 0
github.com/gizzahub/gzh-manager-go/cmd/config/profile.go:107.43,114.55 2 0
github.com/gizzahub/gzh-manager-go/cmd/config/profile.go:114.55,117.4 2 0
github.com/gizzahub/gzh-manager-go/cmd/config/profile.go:120.2,122.12 2 0
github.com/gizzahub/gzh-manager-go/cmd/config/profile.go:128.27,130.16 2 0
github.com/gizzahub/gzh-manager-go/cmd/config/profile.go:130.16,132.3 1 0
github.com/gizzahub/gzh-manager-go/cmd/config/profile.go:134.2,139.24 4 0
github.com/gizzahub/gzh-manager-go/cmd/config/profile.go:139.24,142.3 2 0
github.com/gizzahub/gzh-manager-go/cmd/config/profile.go:144.2,144.35 1 0
github.com/gizzahub/gzh-manager-go/cmd/config/profile.go:144.35,146.32 2 0
github.com/gizzahub/gzh-manager-go/cmd/config/profile.go:146.32,148.4 1 0
github.com/gizzahub/gzh-manager-go/cmd/config/profile.go:150.3,153.50 2 0
github.com/gizzahub/gzh-manager-go/cmd/config/profile.go:153.50,155.4 1 0
github.com/gizzahub/gzh-manager-go/cmd/config/profile.go:157.3,157.16 1 0
github.com/gizzahub/gzh-manager-go/cmd/config/profile.go:160.2,161.26 2 0
github.com/gizzahub/gzh-manager-go/cmd/config/profile.go:161.26,163.3 1 0
github.com/gizzahub/gzh-manager-go/cmd/config/profile.go:163.8,165.3 1 0
github.com/gizzahub/gzh-manager-go/cmd/config/profile.go:167.2,167.12 1 0
github.com/gizzahub/gzh-manager-go/cmd/config/profile.go:171.77,173.57 1 1
github.com/gizzahub/gzh-manager-go/cmd/config/profile.go:173.57,175.3 1 0
github.com/gizzahub/gzh-manager-go/cmd/config/profile.go:177.2,180.48 2 1
github.com/gizzahub/gzh-manager-go/cmd/config/profile.go:180.48,182.3 1 1
github.com/gizzahub/gzh-manager-go/cmd/config/profile.go:184.2,186.23 2 1
github.com/gizzahub/gzh-manager-go/cmd/config/profile.go:186.23,189.56 2 1
github.com/gizzahub/gzh-manager-go/cmd/config/profile.go:189.56,191.4 1 0
github.com/gizzahub/gzh-manager-go/cmd/config/profile.go:193.3,194.17 2 1
github.com/gizzahub/gzh-manager-go/cmd/config/profile.go:194.17,196.4 1 0
github.com/gizzahub/gzh-manager-go/cmd/config/profile.go:197.3,197.34 1 1
github.com/gizzahub/gzh-manager-go/cmd/config/profile.go:198.8,198.24 1 1
github.com/gizzahub/gzh-manager-go/cmd/config/profile.go:198.24,201.3 1 0
github.com/gizzahub/gzh-manager-go/cmd/config/profile.go:201.8,204.3 1 1
github.com/gizzahub/gzh-manager-go/cmd/config/profile.go:207.2,207.74 1 1
github.com/gizzahub/gzh-manager-go/cmd/config/profile.go:207.74,209.3 1 0
github.com/gizzahub/gzh-manager-go/cmd/config/profile.go:211.2,212.12 2 1
github.com/gizzahub/gzh-manager-go/cmd/config/profile.go:216.43,219.56 2 1
github.com/gizzahub/gzh-manager-go/cmd/config/profile.go:219.56,221.3 1 1
github.com/gizzahub/gzh-manager-go/cmd/config/profile.go:224.2,224.64 1 1
github.com/gizzahub/gzh-manager-go/cmd/config/profile.go:224.64,226.3 1 0
github.com/gizzahub/gzh-manager-go/cmd/config/profile.go:229.2,232.48 2 1
github.com/gizzahub/gzh-manager-go/cmd/config/profile.go:232.48,233.47 1 0
github.com/gizzahub/gzh-manager-go/cmd/config/profile.go:233.47,235.4 1 0
github.com/gizzahub/gzh-manager-go/cmd/config/profile.go:239.2,239.60 1 1
github.com/gizzahub/gzh-manager-go/cmd/config/profile.go:239.60,241.3 1 0
github.com/gizzahub/gzh-manager-go/cmd/config/profile.go:243.2,244.12 2 1
github.com/gizzahub/gzh-manager-go/cmd/config/profile.go:248.33,250.16 2 0
github.com/gizzahub/gzh-manager-go/cmd/config/profile.go:250.16,252.3 1 0
github.com/gizzahub/gzh-manager-go/cmd/config/profile.go:254.2,254.19 1 0
github.com/gizzahub/gzh-manager-go/cmd/config/profile.go:254.19,256.3 1 0
github.com/gizzahub/gzh-manager-go/cmd/config/profile.go:256.8,260.50 2 0
github.com/gizzahub/gzh-manager-go/cmd/config/profile.go:260.50,262.4 1 0
github.com/gizzahub/gzh-manager-go/cmd/config/profile.go:265.2,265.12 1 0
github.com/gizzahub/gzh-manager-go/cmd/config/profile.go:269.58,272.56 2 1
github.com/gizzahub/gzh-manager-go/cmd/config/profile.go:272.56,274.3 1 1
github.com/gizzahub/gzh-manager-go/cmd/config/profile.go:277.2,278.35 2 1
github.com/gizzahub/gzh-manager-go/cmd/config/profile.go:278.35,280.3 1 0
github.com/gizzahub/gzh-manager-go/cmd/config/profile.go:283.2,283.12 1 1
github.com/gizzahub/gzh-manager-go/cmd/config/profile.go:283.12,287.77 4 0
github.com/gizzahub/gzh-manager-go/cmd/config/profile.go:287.77,290.4 2 0
github.com/gizzahub/gzh-manager-go/cmd/config/profile.go:294.2,294.47 1 1
github.com/gizzahub/gzh-manager-go/cmd/config/profile.go:294.47,296.3 1 0
github.com/gizzahub/gzh-manager-go/cmd/config/profile.go:298.2,299.12 2 1
github.com/gizzahub/gzh-manager-go/cmd/config/profile.go:305.47,310.16 3 1
github.com/gizzahub/gzh-manager-go/cmd/config/profile.go:310.16,312.3 1 0
github.com/gizzahub/gzh-manager-go/cmd/config/profile.go:314.2,314.32 1 1
github.com/gizzahub/gzh-manager-go/cmd/config/profile.go:314.32,318.74 2 1
github.com/gizzahub/gzh-manager-go/cmd/config/profile.go:318.74,322.4 3 1
github.com/gizzahub/gzh-manager-go/cmd/config/profile.go:325.2,325.22 1 1
github.com/gizzahub/gzh-manager-go/cmd/config/profile.go:329.42,332.16 2 1
github.com/gizzahub/gzh-manager-go/cmd/config/profile.go:332.16,335.3 1 1
github.com/gizzahub/gzh-manager-go/cmd/config/profile.go:339.2,340.73 2 1
github.com/gizzahub/gzh-manager-go/cmd/config/profile.go:340.73,344.3 3 1
github.com/gizzahub/gzh-manager-go/cmd/config/profile.go:346.2,346.16 1 0
github.com/gizzahub/gzh-manager-go/cmd/config/profile.go:350.48,352.2 1 1
github.com/gizzahub/gzh-manager-go/cmd/config/profile.go:355.52,356.23 1 1
github.com/gizzahub/gzh-manager-go/cmd/config/profile.go:356.23,358.3 1 1
github.com/gizzahub/gzh-manager-go/cmd/config/profile.go:361.2,361.53 1 1
github.com/gizzahub/gzh-manager-go/cmd/config/profile.go:361.53,363.3 1 1
github.com/gizzahub/gzh-manager-go/cmd/config/profile.go:366.2,367.29 2 1
github.com/gizzahub/gzh-manager-go/cmd/config/profile.go:367.29,368.23 1 1
github.com/gizzahub/gzh-manager-go/cmd/config/profile.go:368.23,370.4 1 1
github.com/gizzahub/gzh-manager-go/cmd/config/profile.go:373.2,373.12 1 1
github.com/gizzahub/gzh-manager-go/cmd/config/profile.go:377.48,381.16 3 0
github.com/gizzahub/gzh-manager-go/cmd/config/profile.go:381.16,383.3 1 0
github.com/gizzahub/gzh-manager-go/cmd/config/profile.go:385.2,387.44 3 0
github.com/gizzahub/gzh-manager-go/cmd/config/profile.go:387.44,389.3 1 0
github.com/gizzahub/gzh-manager-go/cmd/config/profile.go:391.2,391.78 1 0
github.com/gizzahub/gzh-manager-go/cmd/config/profile.go:395.57,420.2 2 1
github.com/gizzahub/gzh-manager-go/cmd/config/validate.go:13.73,15.22 1 1
github.com/gizzahub/gzh-manager-go/cmd/config/validate.go:15.22,18.17 3 0
github.com/gizzahub/gzh-manager-go/cmd/config/validate.go:18.17,20.4 1 0
github.com/gizzahub/gzh-manager-go/cmd/config/validate.go:23.2,23.13 1 1
github.com/gizzahub/gzh-manager-go/cmd/config/validate.go:23.13,25.3 1 0
github.com/gizzahub/gzh-manager-go/cmd/config/validate.go:28.2,28.55 1 1
github.com/gizzahub/gzh-manager-go/cmd/config/validate.go:28.55,30.3 1 0
github.com/gizzahub/gzh-manager-go/cmd/config/validate.go:32.2,32.13 1 1
github.com/gizzahub/gzh-manager-go/cmd/config/validate.go:32.13,34.3 1 0
github.com/gizzahub/gzh-manager-go/cmd/config/validate.go:37.2,38.16 2 1
github.com/gizzahub/gzh-manager-go/cmd/config/validate.go:38.16,40.3 1 1
github.com/gizzahub/gzh-manager-go/cmd/config/validate.go:42.2,42.13 1 1
github.com/gizzahub/gzh-manager-go/cmd/config/validate.go:42.13,47.3 4 0
github.com/gizzahub/gzh-manager-go/cmd/config/validate.go:50.2,50.78 1 1
github.com/gizzahub/gzh-manager-go/cmd/config/validate.go:50.78,52.3 1 0
github.com/gizzahub/gzh-manager-go/cmd/config/validate.go:55.2,55.70 1 1
github.com/gizzahub/gzh-manager-go/cmd/config/validate.go:55.70,56.13 1 0
github.com/gizzahub/gzh-manager-go/cmd/config/validate.go:56.13,58.4 1 0
github.com/gizzahub/gzh-manager-go/cmd/config/validate.go:59.3,59.14 1 0
github.com/gizzahub/gzh-manager-go/cmd/config/validate.go:59.14,61.4 1 0
github.com/gizzahub/gzh-manager-go/cmd/config/validate.go:65.2,67.13 2 1
github.com/gizzahub/gzh-manager-go/cmd/config/validate.go:67.13,69.3 1 0
github.com/gizzahub/gzh-manager-go/cmd/config/validate.go:71.2,71.12 1 1
github.com/gizzahub/gzh-manager-go/cmd/config/validate.go:75.39,84.60 2 1
github.com/gizzahub/gzh-manager-go/cmd/config/validate.go:84.60,86.3 1 1
github.com/gizzahub/gzh-manager-go/cmd/config/validate.go:88.2,88.35 1 1
github.com/gizzahub/gzh-manager-go/cmd/config/validate.go:88.35,89.42 1 1
github.com/gizzahub/gzh-manager-go/cmd/config/validate.go:89.42,91.4 1 1
github.com/gizzahub/gzh-manager-go/cmd/config/validate.go:94.2,94.93 1 1
github.com/gizzahub/gzh-manager-go/cmd/config/validate.go:98.50,101.16 2 1
github.com/gizzahub/gzh-manager-go/cmd/config/validate.go:101.16,102.25 1 1
github.com/gizzahub/gzh-manager-go/cmd/config/validate.go:102.25,104.4 1 1
github.com/gizzahub/gzh-manager-go/cmd/config/validate.go:105.3,105.54 1 0
github.com/gizzahub/gzh-manager-go/cmd/config/validate.go:109.2,109.30 1 1
github.com/gizzahub/gzh-manager-go/cmd/config/validate.go:109.30,111.3 1 1
github.com/gizzahub/gzh-manager-go/cmd/config/validate.go:114.2,115.16 2 1
github.com/gizzahub/gzh-manager-go/cmd/config/validate.go:115.16,117.3 1 0
github.com/gizzahub/gzh-manager-go/cmd/config/validate.go:118.2,120.12 2 1
github.com/gizzahub/gzh-manager-go/cmd/config/validate.go:124.94,129.55 3 1
github.com/gizzahub/gzh-manager-go/cmd/config/validate.go:129.55,130.14 1 1
github.com/gizzahub/gzh-manager-go/cmd/config/validate.go:130.14,132.4 1 0
github.com/gizzahub/gzh-manager-go/cmd/config/validate.go:135.3,135.59 1 1
github.com/gizzahub/gzh-manager-go/cmd/config/validate.go:135.59,138.4 2 0
github.com/gizzahub/gzh-manager-go/cmd/config/validate.go:141.3,141.37 1 1
github.com/gizzahub/gzh-manager-go/cmd/config/validate.go:141.37,142.77 1 1
github.com/gizzahub/gzh-manager-go/cmd/config/validate.go:142.77,144.5 1 0
github.com/gizzahub/gzh-manager-go/cmd/config/validate.go:148.3,148.41 1 1
github.com/gizzahub/gzh-manager-go/cmd/config/validate.go:148.41,149.72 1 0
github.com/gizzahub/gzh-manager-go/cmd/config/validate.go:149.72,151.5 1 0
github.com/gizzahub/gzh-manager-go/cmd/config/validate.go:156.2,156.35 1 1
github.com/gizzahub/gzh-manager-go/cmd/config/validate.go:156.35,157.14 1 0
github.com/gizzahub/gzh-manager-go/cmd/config/validate.go:157.14,159.4 1 0
github.com/gizzahub/gzh-manager-go/cmd/config/validate.go:163.2,163.21 1 1
github.com/gizzahub/gzh-manager-go/cmd/config/validate.go:163.21,165.3 1 0
github.com/gizzahub/gzh-manager-go/cmd/config/validate.go:167.2,167.55 1 1
github.com/gizzahub/gzh-manager-go/cmd/config/validate.go:167.55,169.3 1 0
github.com/gizzahub/gzh-manager-go/cmd/config/validate.go:171.2,171.12 1 1
github.com/gizzahub/gzh-manager-go/cmd/config/validate.go:175.103,179.24 2 1
github.com/gizzahub/gzh-manager-go/cmd/config/validate.go:179.24,180.70 1 1
github.com/gizzahub/gzh-manager-go/cmd/config/validate.go:180.70,182.4 1 0
github.com/gizzahub/gzh-manager-go/cmd/config/validate.go:186.2,186.21 1 1
github.com/gizzahub/gzh-manager-go/cmd/config/validate.go:186.21,187.62 1 0
github.com/gizzahub/gzh-manager-go/cmd/config/validate.go:187.62,189.4 1 0
github.com/gizzahub/gzh-manager-go/cmd/config/validate.go:193.2,193.38 1 1
github.com/gizzahub/gzh-manager-go/cmd/config/validate.go:193.38,194.60 1 0
github.com/gizzahub/gzh-manager-go/cmd/config/validate.go:194.60,196.4 1 0
github.com/gizzahub/gzh-manager-go/cmd/config/validate.go:199.2,199.12 1 1
github.com/gizzahub/gzh-manager-go/cmd/config/validate.go:203.98,207.26 2 0
github.com/gizzahub/gzh-manager-go/cmd/config/validate.go:207.26,208.72 1 0
github.com/gizzahub/gzh-manager-go/cmd/config/validate.go:208.72,210.4 1 0
github.com/gizzahub/gzh-manager-go/cmd/config/validate.go:213.2,213.23 1 0
github.com/gizzahub/gzh-manager-go/cmd/config/validate.go:213.23,214.64 1 0
github.com/gizzahub/gzh-manager-go/cmd/config/validate.go:214.64,216.4 1 0
github.com/gizzahub/gzh-manager-go/cmd/config/validate.go:219.2,219.40 1 0
github.com/gizzahub/gzh-manager-go/cmd/config/validate.go:219.40,220.60 1 0
github.com/gizzahub/gzh-manager-go/cmd/config/validate.go:220.60,222.4 1 0
github.com/gizzahub/gzh-manager-go/cmd/config/validate.go:225.2,225.12 1 0
github.com/gizzahub/gzh-manager-go/cmd/config/validate.go:229.65,234.41 2 1
github.com/gizzahub/gzh-manager-go/cmd/config/validate.go:234.41,236.3 1 1
github.com/gizzahub/gzh-manager-go/cmd/config/validate.go:239.2,239.12 1 1
github.com/gizzahub/gzh-manager-go/cmd/config/validate.go:239.12,241.57 1 0
github.com/gizzahub/gzh-manager-go/cmd/config/validate.go:241.57,243.4 1 0
github.com/gizzahub/gzh-manager-go/cmd/config/validate.go:246.2,246.12 1 1
github.com/gizzahub/gzh-manager-go/cmd/config/validate.go:250.81,253.55 2 1
github.com/gizzahub/gzh-manager-go/cmd/config/validate.go:253.55,255.88 1 1
github.com/gizzahub/gzh-manager-go/cmd/config/validate.go:255.88,261.67 3 0
github.com/gizzahub/gzh-manager-go/cmd/config/validate.go:261.67,263.5 1 0
github.com/gizzahub/gzh-manager-go/cmd/config/validate.go:265.4,265.32 1 0
github.com/gizzahub/gzh-manager-go/cmd/config/validate.go:265.32,267.5 1 0
github.com/gizzahub/gzh-manager-go/cmd/config/validate.go:267.10,267.22 1 0
github.com/gizzahub/gzh-manager-go/cmd/config/validate.go:267.22,269.5 1 0
github.com/gizzahub/gzh-manager-go/cmd/config/validate.go:273.3,273.37 1 1
github.com/gizzahub/gzh-manager-go/cmd/config/validate.go:273.37,274.70 1 1
github.com/gizzahub/gzh-manager-go/cmd/config/validate.go:274.70,276.5 1 0
github.com/gizzahub/gzh-manager-go/cmd/config/validate.go:279.3,279.41 1 1
github.com/gizzahub/gzh-manager-go/cmd/config/validate.go:279.41,280.72 1 0
github.com/gizzahub/gzh-manager-go/cmd/config/validate.go:280.72,282.5 1 0
github.com/gizzahub/gzh-manager-go/cmd/config/validate.go:286.2,286.26 1 1
github.com/gizzahub/gzh-manager-go/cmd/config/validate.go:286.26,288.3 1 0
github.com/gizzahub/gzh-manager-go/cmd/config/validate.go:290.2,290.12 1 1
github.com/gizzahub/gzh-manager-go/cmd/config/validate.go:294.55,295.16 1 1
github.com/gizzahub/gzh-manager-go/cmd/config/validate.go:295.16,297.3 1 0
github.com/gizzahub/gzh-manager-go/cmd/config/validate.go:300.2,301.6 2 1
github.com/gizzahub/gzh-manager-go/cmd/config/validate.go:301.6,303.21 2 1
github.com/gizzahub/gzh-manager-go/cmd/config/validate.go:303.21,304.9 1 1
github.com/gizzahub/gzh-manager-go/cmd/config/validate.go:306.3,309.19 3 1
github.com/gizzahub/gzh-manager-go/cmd/config/validate.go:309.19,310.9 1 0
github.com/gizzahub/gzh-manager-go/cmd/config/validate.go:312.3,318.66 4 1
github.com/gizzahub/gzh-manager-go/cmd/config/validate.go:318.66,320.4 1 1
github.com/gizzahub/gzh-manager-go/cmd/config/validate.go:322.3,322.31 1 1
github.com/gizzahub/gzh-manager-go/cmd/config/validate.go:322.31,324.4 1 1
github.com/gizzahub/gzh-manager-go/cmd/config/validate.go:326.3,326.21 1 1
github.com/gizzahub/gzh-manager-go/cmd/config/validate.go:329.2,329.12 1 1
github.com/gizzahub/gzh-manager-go/cmd/config/validate.go:333.58,339.55 5 0
github.com/gizzahub/gzh-manager-go/cmd/config/validate.go:339.55,345.23 5 0
github.com/gizzahub/gzh-manager-go/cmd/config/validate.go:345.23,347.4 1 0
github.com/gizzahub/gzh-manager-go/cmd/always-latest/always_latest.go:5.42,43.2 8 1
github.com/gizzahub/gzh-manager-go/cmd/always-latest/always_latest_apt.go:27.62,40.2 1 1
github.com/gizzahub/gzh-manager-go/cmd/always-latest/always_latest_apt.go:42.45,101.2 14 1
github.com/gizzahub/gzh-manager-go/cmd/always-latest/always_latest_apt.go:103.77,105.25 1 0
github.com/gizzahub/gzh-manager-go/cmd/always-latest/always_latest_apt.go:105.25,107.3 1 0
github.com/gizzahub/gzh-manager-go/cmd/always-latest/always_latest_apt.go:109.2,112.17 2 0
github.com/gizzahub/gzh-manager-go/cmd/always-latest/always_latest_apt.go:112.17,113.47 1 0
github.com/gizzahub/gzh-manager-go/cmd/always-latest/always_latest_apt.go:113.47,115.4 1 0
github.com/gizzahub/gzh-manager-go/cmd/always-latest/always_latest_apt.go:119.2,119.17 1 0
github.com/gizzahub/gzh-manager-go/cmd/always-latest/always_latest_apt.go:119.17,120.48 1 0
github.com/gizzahub/gzh-manager-go/cmd/always-latest/always_latest_apt.go:120.48,122.4 1 0
github.com/gizzahub/gzh-manager-go/cmd/always-latest/always_latest_apt.go:126.2,126.19 1 0
github.com/gizzahub/gzh-manager-go/cmd/always-latest/always_latest_apt.go:126.19,128.3 1 0
github.com/gizzahub/gzh-manager-go/cmd/always-latest/always_latest_apt.go:131.2,132.16 2 0
github.com/gizzahub/gzh-manager-go/cmd/always-latest/always_latest_apt.go:132.16,134.3 1 0
github.com/gizzahub/gzh-manager-go/cmd/always-latest/always_latest_apt.go:137.2,137.25 1 0
github.com/gizzahub/gzh-manager-go/cmd/always-latest/always_latest_apt.go:137.25,139.3 1 0
github.com/gizzahub/gzh-manager-go/cmd/always-latest/always_latest_apt.go:141.2,141.35 1 0
github.com/gizzahub/gzh-manager-go/cmd/always-latest/always_latest_apt.go:141.35,144.3 2 0
github.com/gizzahub/gzh-manager-go/cmd/always-latest/always_latest_apt.go:146.2,150.42 3 0
github.com/gizzahub/gzh-manager-go/cmd/always-latest/always_latest_apt.go:150.42,152.17 2 0
github.com/gizzahub/gzh-manager-go/cmd/always-latest/always_latest_apt.go:152.17,154.12 2 0
github.com/gizzahub/gzh-manager-go/cmd/always-latest/always_latest_apt.go:156.3,156.14 1 0
github.com/gizzahub/gzh-manager-go/cmd/always-latest/always_latest_apt.go:156.14,158.4 1 0
github.com/gizzahub/gzh-manager-go/cmd/always-latest/always_latest_apt.go:162.2,162.54 1 0
github.com/gizzahub/gzh-manager-go/cmd/always-latest/always_latest_apt.go:162.54,164.3 1 0
github.com/gizzahub/gzh-manager-go/cmd/always-latest/always_latest_apt.go:167.2,167.14 1 0
github.com/gizzahub/gzh-manager-go/cmd/always-latest/always_latest_apt.go:167.14,169.3 1 0
github.com/gizzahub/gzh-manager-go/cmd/always-latest/always_latest_apt.go:169.8,171.3 1 0
github.com/gizzahub/gzh-manager-go/cmd/always-latest/always_latest_apt.go:173.2,173.12 1 0
github.com/gizzahub/gzh-manager-go/cmd/always-latest/always_latest_apt.go:176.56,179.2 2 1
github.com/gizzahub/gzh-manager-go/cmd/always-latest/always_latest_apt.go:181.60,184.14 2 0
github.com/gizzahub/gzh-manager-go/cmd/always-latest/always_latest_apt.go:184.14,187.3 2 0
github.com/gizzahub/gzh-manager-go/cmd/always-latest/always_latest_apt.go:189.2,191.16 3 0
github.com/gizzahub/gzh-manager-go/cmd/always-latest/always_latest_apt.go:191.16,193.3 1 0
github.com/gizzahub/gzh-manager-go/cmd/always-latest/always_latest_apt.go:195.2,196.12 2 0
github.com/gizzahub/gzh-manager-go/cmd/always-latest/always_latest_apt.go:199.61,202.14 2 0
github.com/gizzahub/gzh-manager-go/cmd/always-latest/always_latest_apt.go:202.14,205.3 2 0
github.com/gizzahub/gzh-manager-go/cmd/always-latest/always_latest_apt.go:207.2,209.16 3 0
github.com/gizzahub/gzh-manager-go/cmd/always-latest/always_latest_apt.go:209.16,211.3 1 0
github.com/gizzahub/gzh-manager-go/cmd/always-latest/always_latest_apt.go:213.2,214.12 2 0
github.com/gizzahub/gzh-manager-go/cmd/always-latest/always_latest_apt.go:217.61,220.14 2 0
github.com/gizzahub/gzh-manager-go/cmd/always-latest/always_latest_apt.go:220.14,223.3 2 0
github.com/gizzahub/gzh-manager-go/cmd/always-latest/always_latest_apt.go:225.2,225.46 1 0
github.com/gizzahub/gzh-manager-go/cmd/always-latest/always_latest_apt.go:225.46,228.3 2 0
github.com/gizzahub/gzh-manager-go/cmd/always-latest/always_latest_apt.go:230.2,232.16 3 0
github.com/gizzahub/gzh-manager-go/cmd/always-latest/always_latest_apt.go:232.16,234.3 1 0
github.com/gizzahub/gzh-manager-go/cmd/always-latest/always_latest_apt.go:236.2,237.38 2 0
github.com/gizzahub/gzh-manager-go/cmd/always-latest/always_latest_apt.go:240.77,243.16 3 0
github.com/gizzahub/gzh-manager-go/cmd/always-latest/always_latest_apt.go:243.16,245.3 1 0
github.com/gizzahub/gzh-manager-go/cmd/always-latest/always_latest_apt.go:247.2,249.21 3 0
github.com/gizzahub/gzh-manager-go/cmd/always-latest/always_latest_apt.go:249.21,251.96 2 0
github.com/gizzahub/gzh-manager-go/cmd/always-latest/always_latest_apt.go:251.96,252.12 1 0
github.com/gizzahub/gzh-manager-go/cmd/always-latest/always_latest_apt.go:256.3,257.21 2 0
github.com/gizzahub/gzh-manager-go/cmd/always-latest/always_latest_apt.go:257.21,259.29 2 0
github.com/gizzahub/gzh-manager-go/cmd/always-latest/always_latest_apt.go:259.29,261.5 1 0
github.com/gizzahub/gzh-manager-go/cmd/always-latest/always_latest_apt.go:265.2,265.22 1 0
github.com/gizzahub/gzh-manager-go/cmd/always-latest/always_latest_apt.go:268.99,270.40 2 1
github.com/gizzahub/gzh-manager-go/cmd/always-latest/always_latest_apt.go:270.40,272.3 1 1
github.com/gizzahub/gzh-manager-go/cmd/always-latest/always_latest_apt.go:274.2,275.34 2 1
github.com/gizzahub/gzh-manager-go/cmd/always-latest/always_latest_apt.go:275.34,276.22 1 1
github.com/gizzahub/gzh-manager-go/cmd/always-latest/always_latest_apt.go:276.22,278.4 1 1
github.com/gizzahub/gzh-manager-go/cmd/always-latest/always_latest_apt.go:281.2,281.17 1 1
github.com/gizzahub/gzh-manager-go/cmd/always-latest/always_latest_apt.go:284.82,287.14 2 0
github.com/gizzahub/gzh-manager-go/cmd/always-latest/always_latest_apt.go:287.14,290.3 2 0
github.com/gizzahub/gzh-manager-go/cmd/always-latest/always_latest_apt.go:293.2,293.69 1 0
github.com/gizzahub/gzh-manager-go/cmd/always-latest/always_latest_apt.go:293.69,296.3 2 0
github.com/gizzahub/gzh-manager-go/cmd/always-latest/always_latest_apt.go:299.2,302.16 4 0
github.com/gizzahub/gzh-manager-go/cmd/always-latest/always_latest_apt.go:302.16,304.3 1 0
github.com/gizzahub/gzh-manager-go/cmd/always-latest/always_latest_apt.go:306.2,307.18 2 0
github.com/gizzahub/gzh-manager-go/cmd/always-latest/always_latest_apt.go:310.73,315.2 4 0
github.com/gizzahub/gzh-manager-go/cmd/always-latest/always_latest_apt.go:317.60,322.2 4 0
github.com/gizzahub/gzh-manager-go/cmd/always-latest/always_latest_apt.go:324.68,325.31 1 0
github.com/gizzahub/gzh-manager-go/cmd/always-latest/always_latest_apt.go:325.31,326.48 1 0
github.com/gizzahub/gzh-manager-go/cmd/always-latest/always_latest_apt.go:326.48,328.4 1 0
github.com/gizzahub/gzh-manager-go/cmd/always-latest/always_latest_apt.go:331.2,331.28 1 0
github.com/gizzahub/gzh-manager-go/cmd/always-latest/always_latest_apt.go:331.28,332.45 1 0
github.com/gizzahub/gzh-manager-go/cmd/always-latest/always_latest_apt.go:332.45,334.4 1 0
github.com/gizzahub/gzh-manager-go/cmd/always-latest/always_latest_apt.go:337.2,337.12 1 0
github.com/gizzahub/gzh-manager-go/cmd/always-latest/always_latest_apt.go:340.61,345.16 4 0
github.com/gizzahub/gzh-manager-go/cmd/always-latest/always_latest_apt.go:345.16,347.3 1 0
github.com/gizzahub/gzh-manager-go/cmd/always-latest/always_latest_apt.go:349.2,350.12 2 0
github.com/gizzahub/gzh-manager-go/cmd/always-latest/always_latest_apt.go:353.58,358.16 4 0
github.com/gizzahub/gzh-manager-go/cmd/always-latest/always_latest_apt.go:358.16,360.3 1 0
github.com/gizzahub/gzh-manager-go/cmd/always-latest/always_latest_apt.go:362.2,363.12 2 0
github.com/gizzahub/gzh-manager-go/cmd/always-latest/always_latest_apt.go:366.88,369.16 3 0
github.com/gizzahub/gzh-manager-go/cmd/always-latest/always_latest_apt.go:369.16,371.3 1 0
github.com/gizzahub/gzh-manager-go/cmd/always-latest/always_latest_apt.go:374.2,375.21 2 0
github.com/gizzahub/gzh-manager-go/cmd/always-latest/always_latest_apt.go:375.21,377.36 2 0
github.com/gizzahub/gzh-manager-go/cmd/always-latest/always_latest_apt.go:377.36,379.23 2 0
github.com/gizzahub/gzh-manager-go/cmd/always-latest/always_latest_apt.go:379.23,381.5 1 0
github.com/gizzahub/gzh-manager-go/cmd/always-latest/always_latest_apt.go:385.2,385.60 1 0
github.com/gizzahub/gzh-manager-go/cmd/always-latest/always_latest_apt.go:388.84,392.22 3 1
github.com/gizzahub/gzh-manager-go/cmd/always-latest/always_latest_apt.go:392.22,394.3 1 1
github.com/gizzahub/gzh-manager-go/cmd/always-latest/always_latest_apt.go:395.2,395.22 1 1
github.com/gizzahub/gzh-manager-go/cmd/always-latest/always_latest_asdf.go:23.64,32.2 1 1
github.com/gizzahub/gzh-manager-go/cmd/always-latest/always_latest_asdf.go:34.46,79.2 10 1
github.com/gizzahub/gzh-manager-go/cmd/always-latest/always_latest_asdf.go:81.78,83.26 1 0
github.com/gizzahub/gzh-manager-go/cmd/always-latest/always_latest_asdf.go:83.26,85.3 1 0
github.com/gizzahub/gzh-manager-go/cmd/always-latest/always_latest_asdf.go:87.2,90.18 2 0
github.com/gizzahub/gzh-manager-go/cmd/always-latest/always_latest_asdf.go:90.18,91.47 1 0
github.com/gizzahub/gzh-manager-go/cmd/always-latest/always_latest_asdf.go:91.47,93.4 1 0
github.com/gizzahub/gzh-manager-go/cmd/always-latest/always_latest_asdf.go:97.2,98.16 2 0
github.com/gizzahub/gzh-manager-go/cmd/always-latest/always_latest_asdf.go:98.16,100.3 1 0
github.com/gizzahub/gzh-manager-go/cmd/always-latest/always_latest_asdf.go:102.2,102.21 1 0
github.com/gizzahub/gzh-manager-go/cmd/always-latest/always_latest_asdf.go:102.21,105.3 2 0
github.com/gizzahub/gzh-manager-go/cmd/always-latest/always_latest_asdf.go:108.2,108.22 1 0
github.com/gizzahub/gzh-manager-go/cmd/always-latest/always_latest_asdf.go:108.22,110.3 1 0
github.com/gizzahub/gzh-manager-go/cmd/always-latest/always_latest_asdf.go:112.2,116.29 3 0
github.com/gizzahub/gzh-manager-go/cmd/always-latest/always_latest_asdf.go:116.29,118.17 2 0
github.com/gizzahub/gzh-manager-go/cmd/always-latest/always_latest_asdf.go:118.17,120.12 2 0
github.com/gizzahub/gzh-manager-go/cmd/always-latest/always_latest_asdf.go:122.3,122.14 1 0
github.com/gizzahub/gzh-manager-go/cmd/always-latest/always_latest_asdf.go:122.14,124.4 1 0
github.com/gizzahub/gzh-manager-go/cmd/always-latest/always_latest_asdf.go:128.2,128.14 1 0
github.com/gizzahub/gzh-manager-go/cmd/always-latest/always_latest_asdf.go:128.14,130.3 1 0
github.com/gizzahub/gzh-manager-go/cmd/always-latest/always_latest_asdf.go:130.8,132.3 1 0
github.com/gizzahub/gzh-manager-go/cmd/always-latest/always_latest_asdf.go:134.2,134.12 1 0
github.com/gizzahub/gzh-manager-go/cmd/always-latest/always_latest_asdf.go:137.58,140.2 2 1
github.com/gizzahub/gzh-manager-go/cmd/always-latest/always_latest_asdf.go:142.61,145.14 2 0
github.com/gizzahub/gzh-manager-go/cmd/always-latest/always_latest_asdf.go:145.14,148.3 2 0
github.com/gizzahub/gzh-manager-go/cmd/always-latest/always_latest_asdf.go:150.2,152.16 3 0
github.com/gizzahub/gzh-manager-go/cmd/always-latest/always_latest_asdf.go:152.16,154.3 1 0
github.com/gizzahub/gzh-manager-go/cmd/always-latest/always_latest_asdf.go:156.2,157.12 2 0
github.com/gizzahub/gzh-manager-go/cmd/always-latest/always_latest_asdf.go:160.73,163.16 3 0
github.com/gizzahub/gzh-manager-go/cmd/always-latest/always_latest_asdf.go:163.16,165.3 1 0
github.com/gizzahub/gzh-manager-go/cmd/always-latest/always_latest_asdf.go:167.2,169.21 3 0
github.com/gizzahub/gzh-manager-go/cmd/always-latest/always_latest_asdf.go:169.21,171.17 2 0
github.com/gizzahub/gzh-manager-go/cmd/always-latest/always_latest_asdf.go:171.17,173.4 1 0
github.com/gizzahub/gzh-manager-go/cmd/always-latest/always_latest_asdf.go:176.2,176.19 1 0
github.com/gizzahub/gzh-manager-go/cmd/always-latest/always_latest_asdf.go:179.91,181.38 2 1
github.com/gizzahub/gzh-manager-go/cmd/always-latest/always_latest_asdf.go:181.38,183.3 1 1
github.com/gizzahub/gzh-manager-go/cmd/always-latest/always_latest_asdf.go:185.2,186.32 2 1
github.com/gizzahub/gzh-manager-go/cmd/always-latest/always_latest_asdf.go:186.32,187.20 1 1
github.com/gizzahub/gzh-manager-go/cmd/always-latest/always_latest_asdf.go:187.20,189.4 1 1
github.com/gizzahub/gzh-manager-go/cmd/always-latest/always_latest_asdf.go:192.2,192.17 1 1
github.com/gizzahub/gzh-manager-go/cmd/always-latest/always_latest_asdf.go:195.73,200.16 3 0
github.com/gizzahub/gzh-manager-go/cmd/always-latest/always_latest_asdf.go:200.16,202.3 1 0
github.com/gizzahub/gzh-manager-go/cmd/always-latest/always_latest_asdf.go:205.2,206.16 2 0
github.com/gizzahub/gzh-manager-go/cmd/always-latest/always_latest_asdf.go:206.16,208.3 1 0
github.com/gizzahub/gzh-manager-go/cmd/always-latest/always_latest_asdf.go:211.2,212.16 2 0
github.com/gizzahub/gzh-manager-go/cmd/always-latest/always_latest_asdf.go:212.16,214.3 1 0
github.com/gizzahub/gzh-manager-go/cmd/always-latest/always_latest_asdf.go:216.2,216.86 1 0
github.com/gizzahub/gzh-manager-go/cmd/always-latest/always_latest_asdf.go:216.86,219.3 2 0
github.com/gizzahub/gzh-manager-go/cmd/always-latest/always_latest_asdf.go:221.2,223.14 2 0
github.com/gizzahub/gzh-manager-go/cmd/always-latest/always_latest_asdf.go:223.14,226.3 2 0
github.com/gizzahub/gzh-manager-go/cmd/always-latest/always_latest_asdf.go:229.2,229.76 1 0
github.com/gizzahub/gzh-manager-go/cmd/always-latest/always_latest_asdf.go:229.76,232.3 2 0
github.com/gizzahub/gzh-manager-go/cmd/always-latest/always_latest_asdf.go:235.2,235.62 1 0
github.com/gizzahub/gzh-manager-go/cmd/always-latest/always_latest_asdf.go:235.62,237.3 1 0
github.com/gizzahub/gzh-manager-go/cmd/always-latest/always_latest_asdf.go:240.2,240.14 1 0
github.com/gizzahub/gzh-manager-go/cmd/always-latest/always_latest_asdf.go:240.14,241.65 1 0
github.com/gizzahub/gzh-manager-go/cmd/always-latest/always_latest_asdf.go:241.65,243.4 1 0
github.com/gizzahub/gzh-manager-go/cmd/always-latest/always_latest_asdf.go:246.2,247.18 2 0
github.com/gizzahub/gzh-manager-go/cmd/always-latest/always_latest_asdf.go:250.82,253.16 3 0
github.com/gizzahub/gzh-manager-go/cmd/always-latest/always_latest_asdf.go:253.16,255.3 1 0
github.com/gizzahub/gzh-manager-go/cmd/always-latest/always_latest_asdf.go:258.2,259.21 2 0
github.com/gizzahub/gzh-manager-go/cmd/always-latest/always_latest_asdf.go:259.21,261.3 1 0
github.com/gizzahub/gzh-manager-go/cmd/always-latest/always_latest_asdf.go:263.2,263.16 1 0
github.com/gizzahub/gzh-manager-go/cmd/always-latest/always_latest_asdf.go:266.81,269.16 3 0
github.com/gizzahub/gzh-manager-go/cmd/always-latest/always_latest_asdf.go:269.16,271.3 1 0
github.com/gizzahub/gzh-manager-go/cmd/always-latest/always_latest_asdf.go:273.2,277.29 3 0
github.com/gizzahub/gzh-manager-go/cmd/always-latest/always_latest_asdf.go:277.29,279.20 2 0
github.com/gizzahub/gzh-manager-go/cmd/always-latest/always_latest_asdf.go:279.20,280.12 1 0
github.com/gizzahub/gzh-manager-go/cmd/always-latest/always_latest_asdf.go:284.3,284.33 1 0
github.com/gizzahub/gzh-manager-go/cmd/always-latest/always_latest_asdf.go:284.33,286.4 1 0
github.com/gizzahub/gzh-manager-go/cmd/always-latest/always_latest_asdf.go:289.2,289.24 1 0
github.com/gizzahub/gzh-manager-go/cmd/always-latest/always_latest_asdf.go:289.24,291.3 1 0
github.com/gizzahub/gzh-manager-go/cmd/always-latest/always_latest_asdf.go:294.2,294.39 1 0
github.com/gizzahub/gzh-manager-go/cmd/always-latest/always_latest_asdf.go:297.72,304.43 3 1
github.com/gizzahub/gzh-manager-go/cmd/always-latest/always_latest_asdf.go:304.43,305.46 1 1
github.com/gizzahub/gzh-manager-go/cmd/always-latest/always_latest_asdf.go:305.46,307.4 1 1
github.com/gizzahub/gzh-manager-go/cmd/always-latest/always_latest_asdf.go:310.2,310.13 1 1
github.com/gizzahub/gzh-manager-go/cmd/always-latest/always_latest_asdf.go:313.112,314.27 1 1
github.com/gizzahub/gzh-manager-go/cmd/always-latest/always_latest_asdf.go:314.27,316.3 1 1
github.com/gizzahub/gzh-manager-go/cmd/always-latest/always_latest_asdf.go:319.2,319.26 1 1
github.com/gizzahub/gzh-manager-go/cmd/always-latest/always_latest_asdf.go:319.26,321.3 1 1
github.com/gizzahub/gzh-manager-go/cmd/always-latest/always_latest_asdf.go:323.2,324.16 2 0
github.com/gizzahub/gzh-manager-go/cmd/always-latest/always_latest_asdf.go:324.16,326.3 1 0
github.com/gizzahub/gzh-manager-go/cmd/always-latest/always_latest_asdf.go:329.2,331.16 3 0
github.com/gizzahub/gzh-manager-go/cmd/always-latest/always_latest_asdf.go:331.16,333.3 1 0
github.com/gizzahub/gzh-manager-go/cmd/always-latest/always_latest_asdf.go:335.2,338.29 3 0
github.com/gizzahub/gzh-manager-go/cmd/always-latest/always_latest_asdf.go:338.29,340.51 2 0
github.com/gizzahub/gzh-manager-go/cmd/always-latest/always_latest_asdf.go:340.51,341.12 1 0
github.com/gizzahub/gzh-manager-go/cmd/always-latest/always_latest_asdf.go:344.3,345.17 2 0
github.com/gizzahub/gzh-manager-go/cmd/always-latest/always_latest_asdf.go:345.17,346.12 1 0
github.com/gizzahub/gzh-manager-go/cmd/always-latest/always_latest_asdf.go:349.3,349.28 1 0
github.com/gizzahub/gzh-manager-go/cmd/always-latest/always_latest_asdf.go:349.28,351.4 1 0
github.com/gizzahub/gzh-manager-go/cmd/always-latest/always_latest_asdf.go:354.2,354.33 1 0
github.com/gizzahub/gzh-manager-go/cmd/always-latest/always_latest_asdf.go:354.33,356.3 1 0
github.com/gizzahub/gzh-manager-go/cmd/always-latest/always_latest_asdf.go:359.2,359.57 1 0
github.com/gizzahub/gzh-manager-go/cmd/always-latest/always_latest_asdf.go:362.87,366.22 3 1
github.com/gizzahub/gzh-manager-go/cmd/always-latest/always_latest_asdf.go:366.22,368.3 1 1
github.com/gizzahub/gzh-manager-go/cmd/always-latest/always_latest_asdf.go:369.2,369.24 1 1
github.com/gizzahub/gzh-manager-go/cmd/always-latest/always_latest_asdf.go:372.98,377.2 4 0
github.com/gizzahub/gzh-manager-go/cmd/always-latest/always_latest_asdf.go:379.78,384.16 4 0
github.com/gizzahub/gzh-manager-go/cmd/always-latest/always_latest_asdf.go:384.16,386.3 1 0
github.com/gizzahub/gzh-manager-go/cmd/always-latest/always_latest_asdf.go:388.2,388.12 1 0
github.com/gizzahub/gzh-manager-go/cmd/always-latest/always_latest_asdf.go:391.80,394.16 3 0
github.com/gizzahub/gzh-manager-go/cmd/always-latest/always_latest_asdf.go:394.16,396.3 1 0
github.com/gizzahub/gzh-manager-go/cmd/always-latest/always_latest_asdf.go:398.2,398.12 1 0
github.com/gizzahub/gzh-manager-go/cmd/always-latest/always_latest_brew.go:26.64,38.2 1 1
github.com/gizzahub/gzh-manager-go/cmd/always-latest/always_latest_brew.go:40.46,92.2 13 1
github.com/gizzahub/gzh-manager-go/cmd/always-latest/always_latest_brew.go:94.78,96.26 1 0
github.com/gizzahub/gzh-manager-go/cmd/always-latest/always_latest_brew.go:96.26,98.3 1 0
github.com/gizzahub/gzh-manager-go/cmd/always-latest/always_latest_brew.go:100.2,103.18 2 0
github.com/gizzahub/gzh-manager-go/cmd/always-latest/always_latest_brew.go:103.18,104.44 1 0
github.com/gizzahub/gzh-manager-go/cmd/always-latest/always_latest_brew.go:104.44,106.4 1 0
github.com/gizzahub/gzh-manager-go/cmd/always-latest/always_latest_brew.go:110.2,110.12 1 0
github.com/gizzahub/gzh-manager-go/cmd/always-latest/always_latest_brew.go:110.12,111.40 1 0
github.com/gizzahub/gzh-manager-go/cmd/always-latest/always_latest_brew.go:111.40,113.4 1 0
github.com/gizzahub/gzh-manager-go/cmd/always-latest/always_latest_brew.go:117.2,118.16 2 0
github.com/gizzahub/gzh-manager-go/cmd/always-latest/always_latest_brew.go:118.16,120.3 1 0
github.com/gizzahub/gzh-manager-go/cmd/always-latest/always_latest_brew.go:123.2,124.13 2 0
github.com/gizzahub/gzh-manager-go/cmd/always-latest/always_latest_brew.go:124.13,126.17 2 0
github.com/gizzahub/gzh-manager-go/cmd/always-latest/always_latest_brew.go:126.17,128.4 1 0
github.com/gizzahub/gzh-manager-go/cmd/always-latest/always_latest_brew.go:132.2,132.25 1 0
github.com/gizzahub/gzh-manager-go/cmd/always-latest/always_latest_brew.go:132.25,134.14 2 0
github.com/gizzahub/gzh-manager-go/cmd/always-latest/always_latest_brew.go:134.14,136.4 1 0
github.com/gizzahub/gzh-manager-go/cmd/always-latest/always_latest_brew.go:139.2,140.24 2 0
github.com/gizzahub/gzh-manager-go/cmd/always-latest/always_latest_brew.go:140.24,143.3 2 0
github.com/gizzahub/gzh-manager-go/cmd/always-latest/always_latest_brew.go:145.2,149.31 3 0
github.com/gizzahub/gzh-manager-go/cmd/always-latest/always_latest_brew.go:149.31,151.40 2 0
github.com/gizzahub/gzh-manager-go/cmd/always-latest/always_latest_brew.go:151.40,153.18 2 0
github.com/gizzahub/gzh-manager-go/cmd/always-latest/always_latest_brew.go:153.18,155.13 2 0
github.com/gizzahub/gzh-manager-go/cmd/always-latest/always_latest_brew.go:157.4,157.15 1 0
github.com/gizzahub/gzh-manager-go/cmd/always-latest/always_latest_brew.go:157.15,159.5 1 0
github.com/gizzahub/gzh-manager-go/cmd/always-latest/always_latest_brew.go:164.2,164.28 1 0
github.com/gizzahub/gzh-manager-go/cmd/always-latest/always_latest_brew.go:164.28,166.38 2 0
github.com/gizzahub/gzh-manager-go/cmd/always-latest/always_latest_brew.go:166.38,168.18 2 0
github.com/gizzahub/gzh-manager-go/cmd/always-latest/always_latest_brew.go:168.18,170.13 2 0
github.com/gizzahub/gzh-manager-go/cmd/always-latest/always_latest_brew.go:172.4,172.15 1 0
github.com/gizzahub/gzh-manager-go/cmd/always-latest/always_latest_brew.go:172.15,174.5 1 0
github.com/gizzahub/gzh-manager-go/cmd/always-latest/always_latest_brew.go:179.2,179.28 1 0
github.com/gizzahub/gzh-manager-go/cmd/always-latest/always_latest_brew.go:179.28,180.41 1 0
github.com/gizzahub/gzh-manager-go/cmd/always-latest/always_latest_brew.go:180.41,182.4 1 0
github.com/gizzahub/gzh-manager-go/cmd/always-latest/always_latest_brew.go:186.2,186.14 1 0
github.com/gizzahub/gzh-manager-go/cmd/always-latest/always_latest_brew.go:186.14,188.3 1 0
github.com/gizzahub/gzh-manager-go/cmd/always-latest/always_latest_brew.go:188.8,190.3 1 0
github.com/gizzahub/gzh-manager-go/cmd/always-latest/always_latest_brew.go:192.2,192.12 1 0
github.com/gizzahub/gzh-manager-go/cmd/always-latest/always_latest_brew.go:195.58,198.2 2 1
github.com/gizzahub/gzh-manager-go/cmd/always-latest/always_latest_brew.go:200.58,203.14 2 0
github.com/gizzahub/gzh-manager-go/cmd/always-latest/always_latest_brew.go:203.14,206.3 2 0
github.com/gizzahub/gzh-manager-go/cmd/always-latest/always_latest_brew.go:208.2,210.16 3 0
github.com/gizzahub/gzh-manager-go/cmd/always-latest/always_latest_brew.go:210.16,212.3 1 0
github.com/gizzahub/gzh-manager-go/cmd/always-latest/always_latest_brew.go:214.2,215.12 2 0
github.com/gizzahub/gzh-manager-go/cmd/always-latest/always_latest_brew.go:218.54,221.14 2 0
github.com/gizzahub/gzh-manager-go/cmd/always-latest/always_latest_brew.go:221.14,224.3 2 0
github.com/gizzahub/gzh-manager-go/cmd/always-latest/always_latest_brew.go:227.2,229.16 3 0
github.com/gizzahub/gzh-manager-go/cmd/always-latest/always_latest_brew.go:229.16,231.3 1 0
github.com/gizzahub/gzh-manager-go/cmd/always-latest/always_latest_brew.go:233.2,234.27 2 0
github.com/gizzahub/gzh-manager-go/cmd/always-latest/always_latest_brew.go:234.27,236.16 2 0
github.com/gizzahub/gzh-manager-go/cmd/always-latest/always_latest_brew.go:236.16,237.12 1 0
github.com/gizzahub/gzh-manager-go/cmd/always-latest/always_latest_brew.go:240.3,242.78 3 0
github.com/gizzahub/gzh-manager-go/cmd/always-latest/always_latest_brew.go:242.78,244.4 1 0
github.com/gizzahub/gzh-manager-go/cmd/always-latest/always_latest_brew.go:247.2,248.12 2 0
github.com/gizzahub/gzh-manager-go/cmd/always-latest/always_latest_brew.go:251.75,254.16 3 0
github.com/gizzahub/gzh-manager-go/cmd/always-latest/always_latest_brew.go:254.16,256.3 1 0
github.com/gizzahub/gzh-manager-go/cmd/always-latest/always_latest_brew.go:258.2,260.21 3 0
github.com/gizzahub/gzh-manager-go/cmd/always-latest/always_latest_brew.go:260.21,262.17 2 0
github.com/gizzahub/gzh-manager-go/cmd/always-latest/always_latest_brew.go:262.17,263.12 1 0
github.com/gizzahub/gzh-manager-go/cmd/always-latest/always_latest_brew.go:267.3,268.21 2 0
github.com/gizzahub/gzh-manager-go/cmd/always-latest/always_latest_brew.go:268.21,270.4 1 0
github.com/gizzahub/gzh-manager-go/cmd/always-latest/always_latest_brew.go:273.2,273.22 1 0
github.com/gizzahub/gzh-manager-go/cmd/always-latest/always_latest_brew.go:276.72,279.16 3 0
github.com/gizzahub/gzh-manager-go/cmd/always-latest/always_latest_brew.go:279.16,281.3 1 0
github.com/gizzahub/gzh-manager-go/cmd/always-latest/always_latest_brew.go:283.2,285.21 3 0
github.com/gizzahub/gzh-manager-go/cmd/always-latest/always_latest_brew.go:285.21,287.17 2 0
github.com/gizzahub/gzh-manager-go/cmd/always-latest/always_latest_brew.go:287.17,288.12 1 0
github.com/gizzahub/gzh-manager-go/cmd/always-latest/always_latest_brew.go:292.3,293.21 2 0
github.com/gizzahub/gzh-manager-go/cmd/always-latest/always_latest_brew.go:293.21,295.4 1 0
github.com/gizzahub/gzh-manager-go/cmd/always-latest/always_latest_brew.go:298.2,298.19 1 0
github.com/gizzahub/gzh-manager-go/cmd/always-latest/always_latest_brew.go:301.100,303.40 2 1
github.com/gizzahub/gzh-manager-go/cmd/always-latest/always_latest_brew.go:303.40,305.3 1 1
github.com/gizzahub/gzh-manager-go/cmd/always-latest/always_latest_brew.go:307.2,308.34 2 1
github.com/gizzahub/gzh-manager-go/cmd/always-latest/always_latest_brew.go:308.34,309.22 1 1
github.com/gizzahub/gzh-manager-go/cmd/always-latest/always_latest_brew.go:309.22,311.4 1 1
github.com/gizzahub/gzh-manager-go/cmd/always-latest/always_latest_brew.go:314.2,314.17 1 1
github.com/gizzahub/gzh-manager-go/cmd/always-latest/always_latest_brew.go:317.96,319.12 2 0
github.com/gizzahub/gzh-manager-go/cmd/always-latest/always_latest_brew.go:319.12,321.3 1 0
github.com/gizzahub/gzh-manager-go/cmd/always-latest/always_latest_brew.go:323.2,325.14 2 0
github.com/gizzahub/gzh-manager-go/cmd/always-latest/always_latest_brew.go:325.14,326.13 1 0
github.com/gizzahub/gzh-manager-go/cmd/always-latest/always_latest_brew.go:326.13,328.4 1 0
github.com/gizzahub/gzh-manager-go/cmd/always-latest/always_latest_brew.go:328.9,330.4 1 0
github.com/gizzahub/gzh-manager-go/cmd/always-latest/always_latest_brew.go:331.3,331.19 1 0
github.com/gizzahub/gzh-manager-go/cmd/always-latest/always_latest_brew.go:335.2,335.82 1 0
github.com/gizzahub/gzh-manager-go/cmd/always-latest/always_latest_brew.go:335.82,338.3 2 0
github.com/gizzahub/gzh-manager-go/cmd/always-latest/always_latest_brew.go:341.2,342.12 2 0
github.com/gizzahub/gzh-manager-go/cmd/always-latest/always_latest_brew.go:342.12,344.3 1 0
github.com/gizzahub/gzh-manager-go/cmd/always-latest/always_latest_brew.go:344.8,346.3 1 0
github.com/gizzahub/gzh-manager-go/cmd/always-latest/always_latest_brew.go:348.2,350.16 3 0
github.com/gizzahub/gzh-manager-go/cmd/always-latest/always_latest_brew.go:350.16,352.3 1 0
github.com/gizzahub/gzh-manager-go/cmd/always-latest/always_latest_brew.go:354.2,355.18 2 0
github.com/gizzahub/gzh-manager-go/cmd/always-latest/always_latest_brew.go:358.87,363.2 4 0
github.com/gizzahub/gzh-manager-go/cmd/always-latest/always_latest_brew.go:365.55,370.16 4 0
github.com/gizzahub/gzh-manager-go/cmd/always-latest/always_latest_brew.go:370.16,372.3 1 0
github.com/gizzahub/gzh-manager-go/cmd/always-latest/always_latest_brew.go:374.2,375.12 2 0
github.com/gizzahub/gzh-manager-go/cmd/always-latest/always_latest_brew.go:378.102,380.12 2 0
github.com/gizzahub/gzh-manager-go/cmd/always-latest/always_latest_brew.go:380.12,382.3 1 0
github.com/gizzahub/gzh-manager-go/cmd/always-latest/always_latest_brew.go:382.8,384.3 1 0
github.com/gizzahub/gzh-manager-go/cmd/always-latest/always_latest_brew.go:386.2,387.16 2 0
github.com/gizzahub/gzh-manager-go/cmd/always-latest/always_latest_brew.go:387.16,389.3 1 0
github.com/gizzahub/gzh-manager-go/cmd/always-latest/always_latest_brew.go:392.2,393.16 2 0
github.com/gizzahub/gzh-manager-go/cmd/always-latest/always_latest_brew.go:393.16,395.3 1 0
github.com/gizzahub/gzh-manager-go/cmd/always-latest/always_latest_brew.go:397.2,398.20 2 0
github.com/gizzahub/gzh-manager-go/cmd/always-latest/always_latest_brew.go:398.20,400.3 1 0
github.com/gizzahub/gzh-manager-go/cmd/always-latest/always_latest_brew.go:403.2,403.33 1 0
github.com/gizzahub/gzh-manager-go/cmd/always-latest/always_latest_brew.go:406.85,410.22 3 1
github.com/gizzahub/gzh-manager-go/cmd/always-latest/always_latest_brew.go:410.22,412.3 1 1
github.com/gizzahub/gzh-manager-go/cmd/always-latest/always_latest_brew.go:413.2,413.22 1 1
github.com/gizzahub/gzh-manager-go/cmd/always-latest/always_latest_port.go:25.64,36.2 1 1
github.com/gizzahub/gzh-manager-go/cmd/always-latest/always_latest_port.go:38.46,91.2 12 1
github.com/gizzahub/gzh-manager-go/cmd/always-latest/always_latest_port.go:93.78,95.26 1 0
github.com/gizzahub/gzh-manager-go/cmd/always-latest/always_latest_port.go:95.26,97.3 1 0
github.com/gizzahub/gzh-manager-go/cmd/always-latest/always_latest_port.go:99.2,102.19 2 0
github.com/gizzahub/gzh-manager-go/cmd/always-latest/always_latest_port.go:102.19,103.19 1 0
github.com/gizzahub/gzh-manager-go/cmd/always-latest/always_latest_port.go:103.19,104.45 1 0
github.com/gizzahub/gzh-manager-go/cmd/always-latest/always_latest_port.go:104.45,106.5 1 0
github.com/gizzahub/gzh-manager-go/cmd/always-latest/always_latest_port.go:109.3,109.43 1 0
github.com/gizzahub/gzh-manager-go/cmd/always-latest/always_latest_port.go:109.43,111.4 1 0
github.com/gizzahub/gzh-manager-go/cmd/always-latest/always_latest_port.go:115.2,116.16 2 0
github.com/gizzahub/gzh-manager-go/cmd/always-latest/always_latest_port.go:116.16,118.3 1 0
github.com/gizzahub/gzh-manager-go/cmd/always-latest/always_latest_port.go:121.2,121.22 1 0
github.com/gizzahub/gzh-manager-go/cmd/always-latest/always_latest_port.go:121.22,123.3 1 0
github.com/gizzahub/gzh-manager-go/cmd/always-latest/always_latest_port.go:125.2,125.29 1 0
github.com/gizzahub/gzh-manager-go/cmd/always-latest/always_latest_port.go:125.29,128.3 2 0
github.com/gizzahub/gzh-manager-go/cmd/always-latest/always_latest_port.go:130.2,134.37 3 0
github.com/gizzahub/gzh-manager-go/cmd/always-latest/always_latest_port.go:134.37,136.17 2 0
github.com/gizzahub/gzh-manager-go/cmd/always-latest/always_latest_port.go:136.17,138.12 2 0
github.com/gizzahub/gzh-manager-go/cmd/always-latest/always_latest_port.go:140.3,140.14 1 0
github.com/gizzahub/gzh-manager-go/cmd/always-latest/always_latest_port.go:140.14,142.4 1 0
github.com/gizzahub/gzh-manager-go/cmd/always-latest/always_latest_port.go:146.2,146.28 1 0
github.com/gizzahub/gzh-manager-go/cmd/always-latest/always_latest_port.go:146.28,147.42 1 0
github.com/gizzahub/gzh-manager-go/cmd/always-latest/always_latest_port.go:147.42,149.4 1 0
github.com/gizzahub/gzh-manager-go/cmd/always-latest/always_latest_port.go:153.2,153.14 1 0
github.com/gizzahub/gzh-manager-go/cmd/always-latest/always_latest_port.go:153.14,155.3 1 0
github.com/gizzahub/gzh-manager-go/cmd/always-latest/always_latest_port.go:155.8,157.3 1 0
github.com/gizzahub/gzh-manager-go/cmd/always-latest/always_latest_port.go:159.2,159.12 1 0
github.com/gizzahub/gzh-manager-go/cmd/always-latest/always_latest_port.go:162.58,165.2 2 1
github.com/gizzahub/gzh-manager-go/cmd/always-latest/always_latest_port.go:167.58,170.14 2 0
github.com/gizzahub/gzh-manager-go/cmd/always-latest/always_latest_port.go:170.14,173.3 2 0
github.com/gizzahub/gzh-manager-go/cmd/always-latest/always_latest_port.go:175.2,177.16 3 0
github.com/gizzahub/gzh-manager-go/cmd/always-latest/always_latest_port.go:177.16,179.3 1 0
github.com/gizzahub/gzh-manager-go/cmd/always-latest/always_latest_port.go:181.2,182.12 2 0
github.com/gizzahub/gzh-manager-go/cmd/always-latest/always_latest_port.go:185.57,188.14 2 0
github.com/gizzahub/gzh-manager-go/cmd/always-latest/always_latest_port.go:188.14,191.3 2 0
github.com/gizzahub/gzh-manager-go/cmd/always-latest/always_latest_port.go:193.2,195.16 3 0
github.com/gizzahub/gzh-manager-go/cmd/always-latest/always_latest_port.go:195.16,197.3 1 0
github.com/gizzahub/gzh-manager-go/cmd/always-latest/always_latest_port.go:199.2,200.12 2 0
github.com/gizzahub/gzh-manager-go/cmd/always-latest/always_latest_port.go:203.72,206.16 3 0
github.com/gizzahub/gzh-manager-go/cmd/always-latest/always_latest_port.go:206.16,208.3 1 0
github.com/gizzahub/gzh-manager-go/cmd/always-latest/always_latest_port.go:210.2,212.21 3 0
github.com/gizzahub/gzh-manager-go/cmd/always-latest/always_latest_port.go:212.21,214.91 2 0
github.com/gizzahub/gzh-manager-go/cmd/always-latest/always_latest_port.go:214.91,215.12 1 0
github.com/gizzahub/gzh-manager-go/cmd/always-latest/always_latest_port.go:219.3,220.21 2 0
github.com/gizzahub/gzh-manager-go/cmd/always-latest/always_latest_port.go:220.21,222.4 1 0
github.com/gizzahub/gzh-manager-go/cmd/always-latest/always_latest_port.go:225.2,225.19 1 0
github.com/gizzahub/gzh-manager-go/cmd/always-latest/always_latest_port.go:228.91,230.38 2 1
github.com/gizzahub/gzh-manager-go/cmd/always-latest/always_latest_port.go:230.38,232.3 1 1
github.com/gizzahub/gzh-manager-go/cmd/always-latest/always_latest_port.go:234.2,235.32 2 1
github.com/gizzahub/gzh-manager-go/cmd/always-latest/always_latest_port.go:235.32,236.20 1 1
github.com/gizzahub/gzh-manager-go/cmd/always-latest/always_latest_port.go:236.20,238.4 1 1
github.com/gizzahub/gzh-manager-go/cmd/always-latest/always_latest_port.go:241.2,241.17 1 1
github.com/gizzahub/gzh-manager-go/cmd/always-latest/always_latest_port.go:244.77,247.14 2 0
github.com/gizzahub/gzh-manager-go/cmd/always-latest/always_latest_port.go:247.14,250.3 2 0
github.com/gizzahub/gzh-manager-go/cmd/always-latest/always_latest_port.go:253.2,253.66 1 0
github.com/gizzahub/gzh-manager-go/cmd/always-latest/always_latest_port.go:253.66,256.3 2 0
github.com/gizzahub/gzh-manager-go/cmd/always-latest/always_latest_port.go:259.2,262.16 4 0
github.com/gizzahub/gzh-manager-go/cmd/always-latest/always_latest_port.go:262.16,264.3 1 0
github.com/gizzahub/gzh-manager-go/cmd/always-latest/always_latest_port.go:266.2,267.18 2 0
github.com/gizzahub/gzh-manager-go/cmd/always-latest/always_latest_port.go:270.71,275.2 4 0
github.com/gizzahub/gzh-manager-go/cmd/always-latest/always_latest_port.go:277.56,282.16 4 0
github.com/gizzahub/gzh-manager-go/cmd/always-latest/always_latest_port.go:282.16,284.3 1 0
github.com/gizzahub/gzh-manager-go/cmd/always-latest/always_latest_port.go:286.2,287.12 2 0
[...]
github.com/gizzahub/gzh-manager-go/pkg/github/repo_config.go:295.30,297.4 1 0
github.com/gizzahub/gzh-manager-go/pkg/github/repo_config.go:299.3,300.17 2 1
github.com/gizzahub/gzh-manager-go/pkg/github/repo_config.go:300.17,302.4 1 0
github.com/gizzahub/gzh-manager-go/pkg/github/repo_config.go:303.3,306.67 3 1
github.com/gizzahub/gzh-manager-go/pkg/github/repo_config.go:306.67,308.4 1 0
github.com/gizzahub/gzh-manager-go/pkg/github/repo_config.go:310.3,313.35 2 1
github.com/gizzahub/gzh-manager-go/pkg/github/repo_config.go:313.35,314.9 1 1
github.com/gizzahub/gzh-manager-go/pkg/github/repo_config.go:316.3,316.9 1 1
github.com/gizzahub/gzh-manager-go/pkg/github/repo_config.go:319.2,319.22 1 1
github.com/gizzahub/gzh-manager-go/pkg/github/repo_config.go:323.104,327.16 3 1
github.com/gizzahub/gzh-manager-go/pkg/github/repo_config.go:327.16,329.3 1 1
github.com/gizzahub/gzh-manager-go/pkg/github/repo_config.go:330.2,333.71 3 1
github.com/gizzahub/gzh-manager-go/pkg/github/repo_config.go:333.71,335.3 1 0
github.com/gizzahub/gzh-manager-go/pkg/github/repo_config.go:337.2,337.25 1 1
github.com/gizzahub/gzh-manager-go/pkg/github/repo_config.go:341.123,344.16 2 1
github.com/gizzahub/gzh-manager-go/pkg/github/repo_config.go:344.16,346.3 1 0
github.com/gizzahub/gzh-manager-go/pkg/github/repo_config.go:348.2,369.34 2 1
github.com/gizzahub/gzh-manager-go/pkg/github/repo_config.go:369.34,371.17 2 1
github.com/gizzahub/gzh-manager-go/pkg/github/repo_config.go:371.17,373.70 1 1
github.com/gizzahub/gzh-manager-go/pkg/github/repo_config.go:373.70,375.5 1 1
github.com/gizzahub/gzh-manager-go/pkg/github/repo_config.go:376.9,379.4 2 1
github.com/gizzahub/gzh-manager-go/pkg/github/repo_config.go:383.2,384.16 2 1
github.com/gizzahub/gzh-manager-go/pkg/github/repo_config.go:384.16,386.69 1 0
github.com/gizzahub/gzh-manager-go/pkg/github/repo_config.go:386.69,388.4 1 0
github.com/gizzahub/gzh-manager-go/pkg/github/repo_config.go:389.8,394.3 1 1
github.com/gizzahub/gzh-manager-go/pkg/github/repo_config.go:396.2,396.20 1 1
github.com/gizzahub/gzh-manager-go/pkg/github/repo_config.go:400.133,404.16 3 1
github.com/gizzahub/gzh-manager-go/pkg/github/repo_config.go:404.16,406.3 1 0
github.com/gizzahub/gzh-manager-go/pkg/github/repo_config.go:407.2,410.71 3 1
github.com/gizzahub/gzh-manager-go/pkg/github/repo_config.go:410.71,412.3 1 0
github.com/gizzahub/gzh-manager-go/pkg/github/repo_config.go:414.2,414.25 1 1
github.com/gizzahub/gzh-manager-go/pkg/github/repo_config.go:418.131,420.2 1 1
github.com/gizzahub/gzh-manager-go/pkg/github/repo_config.go:423.187,425.31 1 1
github.com/gizzahub/gzh-manager-go/pkg/github/repo_config.go:425.31,428.17 2 0
github.com/gizzahub/gzh-manager-go/pkg/github/repo_config.go:428.17,432.4 1 0
github.com/gizzahub/gzh-manager-go/pkg/github/repo_config.go:432.9,435.24 2 0
github.com/gizzahub/gzh-manager-go/pkg/github/repo_config.go:435.24,444.19 3 0
github.com/gizzahub/gzh-manager-go/pkg/github/repo_config.go:444.19,446.6 1 0
github.com/gizzahub/gzh-manager-go/pkg/github/repo_config.go:448.5,448.26 1 0
github.com/gizzahub/gzh-manager-go/pkg/github/repo_config.go:448.26,450.6 1 0
github.com/gizzahub/gzh-manager-go/pkg/github/repo_config.go:453.5,453.37 1 0
github.com/gizzahub/gzh-manager-go/pkg/github/repo_config.go:453.37,455.6 1 0
github.com/gizzahub/gzh-manager-go/pkg/github/repo_config.go:461.2,477.41 2 1
github.com/gizzahub/gzh-manager-go/pkg/github/repo_config.go:477.41,479.3 1 1
github.com/gizzahub/gzh-manager-go/pkg/github/repo_config.go:481.2,482.16 2 1
github.com/gizzahub/gzh-manager-go/pkg/github/repo_config.go:482.16,484.3 1 0
github.com/gizzahub/gzh-manager-go/pkg/github/repo_config.go:487.2,487.58 1 1
github.com/gizzahub/gzh-manager-go/pkg/github/repo_config.go:487.58,489.17 2 1
github.com/gizzahub/gzh-manager-go/pkg/github/repo_config.go:489.17,491.4 1 0
github.com/gizzahub/gzh-manager-go/pkg/github/repo_config.go:495.2,495.92 1 1
github.com/gizzahub/gzh-manager-go/pkg/github/repo_config.go:495.92,497.3 1 0
github.com/gizzahub/gzh-manager-go/pkg/github/repo_config.go:499.2,499.12 1 1
github.com/gizzahub/gzh-manager-go/pkg/github/repo_config.go:503.146,509.36 3 0
github.com/gizzahub/gzh-manager-go/pkg/github/repo_config.go:509.36,511.3 1 0
github.com/gizzahub/gzh-manager-go/pkg/github/repo_config.go:514.2,517.33 3 0
github.com/gizzahub/gzh-manager-go/pkg/github/repo_config.go:517.33,518.27 1 0
github.com/gizzahub/gzh-manager-go/pkg/github/repo_config.go:518.27,520.24 1 0
github.com/gizzahub/gzh-manager-go/pkg/github/repo_config.go:521.19,522.51 1 0
github.com/gizzahub/gzh-manager-go/pkg/github/repo_config.go:523.20,524.53 1 0
github.com/gizzahub/gzh-manager-go/pkg/github/repo_config.go:525.26,526.81 1 0
github.com/gizzahub/gzh-manager-go/pkg/github/repo_config.go:532.2,532.44 1 0
github.com/gizzahub/gzh-manager-go/pkg/github/repo_config.go:532.44,534.67 2 0
github.com/gizzahub/gzh-manager-go/pkg/github/repo_config.go:534.67,538.89 2 0
github.com/gizzahub/gzh-manager-go/pkg/github/repo_config.go:538.89,539.36 1 0
github.com/gizzahub/gzh-manager-go/pkg/github/repo_config.go:539.36,540.72 1 0
github.com/gizzahub/gzh-manager-go/pkg/github/repo_config.go:540.72,541.27 1 0
github.com/gizzahub/gzh-manager-go/pkg/github/repo_config.go:542.31,543.84 1 0
github.com/gizzahub/gzh-manager-go/pkg/github/repo_config.go:544.29,545.80 1 0
github.com/gizzahub/gzh-manager-go/pkg/github/repo_config.go:551.4,551.57 1 0
github.com/gizzahub/gzh-manager-go/pkg/github/repo_config.go:553.3,553.61 1 0
github.com/gizzahub/gzh-manager-go/pkg/github/repo_config.go:557.2,557.88 1 0
github.com/gizzahub/gzh-manager-go/pkg/github/repo_config.go:557.88,562.59 3 0
github.com/gizzahub/gzh-manager-go/pkg/github/repo_config.go:562.59,564.4 1 0
github.com/gizzahub/gzh-manager-go/pkg/github/repo_config.go:565.3,565.59 1 0
github.com/gizzahub/gzh-manager-go/pkg/github/repo_config.go:565.59,567.4 1 0
github.com/gizzahub/gzh-manager-go/pkg/github/repo_config.go:570.3,570.34 1 0
github.com/gizzahub/gzh-manager-go/pkg/github/repo_config.go:570.34,571.65 1 0
github.com/gizzahub/gzh-manager-go/pkg/github/repo_config.go:571.65,572.42 1 0
github.com/gizzahub/gzh-manager-go/pkg/github/repo_config.go:572.42,573.61 1 0
github.com/gizzahub/gzh-manager-go/pkg/github/repo_config.go:573.61,575.7 1 0
github.com/gizzahub/gzh-manager-go/pkg/github/repo_config.go:577.5,577.42 1 0
github.com/gizzahub/gzh-manager-go/pkg/github/repo_config.go:577.42,578.61 1 0
github.com/gizzahub/gzh-manager-go/pkg/github/repo_config.go:578.61,580.7 1 0
github.com/gizzahub/gzh-manager-go/pkg/github/repo_config.go:585.3,588.4 1 0
github.com/gizzahub/gzh-manager-go/pkg/github/repo_config.go:591.2,591.24 1 0
github.com/gizzahub/gzh-manager-go/pkg/github/repo_config.go:595.144,601.42 2 1
github.com/gizzahub/gzh-manager-go/pkg/github/repo_config.go:601.42,606.3 1 1
github.com/gizzahub/gzh-manager-go/pkg/github/repo_config.go:609.2,609.32 1 1
github.com/gizzahub/gzh-manager-go/pkg/github/repo_config.go:609.32,615.3 1 1
github.com/gizzahub/gzh-manager-go/pkg/github/repo_config.go:618.2,618.27 1 1
github.com/gizzahub/gzh-manager-go/pkg/github/repo_config.go:618.27,623.3 1 1
github.com/gizzahub/gzh-manager-go/pkg/github/repo_config.go:626.2,637.12 5 1
github.com/gizzahub/gzh-manager-go/pkg/github/repo_config.go:641.128,643.48 1 1
github.com/gizzahub/gzh-manager-go/pkg/github/repo_config.go:643.48,648.17 4 1
github.com/gizzahub/gzh-manager-go/pkg/github/repo_config.go:648.17,650.4 1 0
github.com/gizzahub/gzh-manager-go/pkg/github/repo_config.go:651.3,651.20 1 1
github.com/gizzahub/gzh-manager-go/pkg/github/repo_config.go:655.2,655.48 1 1
github.com/gizzahub/gzh-manager-go/pkg/github/repo_config.go:655.48,660.17 4 1
github.com/gizzahub/gzh-manager-go/pkg/github/repo_config.go:660.17,662.4 1 0
github.com/gizzahub/gzh-manager-go/pkg/github/repo_config.go:663.3,663.20 1 1
github.com/gizzahub/gzh-manager-go/pkg/github/repo_config.go:666.2,666.12 1 1
github.com/gizzahub/gzh-manager-go/pkg/github/repo_config.go:670.124,674.16 3 1
github.com/gizzahub/gzh-manager-go/pkg/github/repo_config.go:674.16,676.3 1 1
github.com/gizzahub/gzh-manager-go/pkg/github/repo_config.go:677.2,680.71 3 1
github.com/gizzahub/gzh-manager-go/pkg/github/repo_config.go:680.71,682.3 1 0
github.com/gizzahub/gzh-manager-go/pkg/github/repo_config.go:684.2,684.25 1 1
github.com/gizzahub/gzh-manager-go/pkg/github/repo_config.go:688.157,692.16 3 1
github.com/gizzahub/gzh-manager-go/pkg/github/repo_config.go:692.16,694.3 1 0
github.com/gizzahub/gzh-manager-go/pkg/github/repo_config.go:695.2,698.78 3 1
github.com/gizzahub/gzh-manager-go/pkg/github/repo_config.go:698.78,700.3 1 0
github.com/gizzahub/gzh-manager-go/pkg/github/repo_config.go:702.2,702.32 1 1
github.com/gizzahub/gzh-manager-go/pkg/github/repo_config.go:706.106,710.16 3 1
github.com/gizzahub/gzh-manager-go/pkg/github/repo_config.go:710.16,712.3 1 0
github.com/gizzahub/gzh-manager-go/pkg/github/repo_config.go:713.2,715.12 2 1
github.com/gizzahub/gzh-manager-go/pkg/github/repo_config.go:755.140,762.16 5 1
github.com/gizzahub/gzh-manager-go/pkg/github/repo_config.go:762.16,764.3 1 0
github.com/gizzahub/gzh-manager-go/pkg/github/repo_config.go:765.2,768.66 3 1
github.com/gizzahub/gzh-manager-go/pkg/github/repo_config.go:768.66,770.3 1 0
github.com/gizzahub/gzh-manager-go/pkg/github/repo_config.go:772.2,772.29 1 1
github.com/gizzahub/gzh-manager-go/pkg/github/repo_config.go:772.29,774.3 1 1
github.com/gizzahub/gzh-manager-go/pkg/github/repo_config.go:777.2,779.16 3 1
github.com/gizzahub/gzh-manager-go/pkg/github/repo_config.go:779.16,781.3 1 0
github.com/gizzahub/gzh-manager-go/pkg/github/repo_config.go:782.2,785.66 3 1
github.com/gizzahub/gzh-manager-go/pkg/github/repo_config.go:785.66,787.3 1 0
github.com/gizzahub/gzh-manager-go/pkg/github/repo_config.go:789.2,789.29 1 1
github.com/gizzahub/gzh-manager-go/pkg/github/repo_config.go:789.29,791.3 1 1
github.com/gizzahub/gzh-manager-go/pkg/github/repo_config.go:793.2,793.34 1 1
github.com/gizzahub/gzh-manager-go/pkg/github/repo_config.go:797.75,802.36 2 1
github.com/gizzahub/gzh-manager-go/pkg/github/repo_config.go:802.36,805.3 2 1
github.com/gizzahub/gzh-manager-go/pkg/github/repo_config.go:807.2,807.42 1 1
github.com/gizzahub/gzh-manager-go/pkg/github/repo_config.go:807.42,811.3 3 1
github.com/gizzahub/gzh-manager-go/pkg/github/repo_config.go:813.2,813.28 1 1
github.com/gizzahub/gzh-manager-go/pkg/github/repo_config.go:813.28,817.3 3 1
github.com/gizzahub/gzh-manager-go/pkg/github/repo_config.go:819.2,819.15 1 1
github.com/gizzahub/gzh-manager-go/pkg/github/repo_config.go:848.173,849.20 1 1
github.com/gizzahub/gzh-manager-go/pkg/github/repo_config.go:849.20,853.3 1 0
github.com/gizzahub/gzh-manager-go/pkg/github/repo_config.go:855.2,855.36 1 1
github.com/gizzahub/gzh-manager-go/pkg/github/repo_config.go:855.36,857.3 1 0
github.com/gizzahub/gzh-manager-go/pkg/github/repo_config.go:860.2,864.16 3 1
github.com/gizzahub/gzh-manager-go/pkg/github/repo_config.go:864.16,866.3 1 0
github.com/gizzahub/gzh-manager-go/pkg/github/repo_config.go:869.2,877.58 3 1
github.com/gizzahub/gzh-manager-go/pkg/github/repo_config.go:877.58,882.38 3 0
github.com/gizzahub/gzh-manager-go/pkg/github/repo_config.go:882.38,884.4 1 0
github.com/gizzahub/gzh-manager-go/pkg/github/repo_config.go:886.3,886.35 1 0
github.com/gizzahub/gzh-manager-go/pkg/github/repo_config.go:886.35,889.18 3 0
github.com/gizzahub/gzh-manager-go/pkg/github/repo_config.go:889.18,890.13 1 0
github.com/gizzahub/gzh-manager-go/pkg/github/repo_config.go:893.4,894.51 2 0
github.com/gizzahub/gzh-manager-go/pkg/github/repo_config.go:897.3,897.26 1 0
github.com/gizzahub/gzh-manager-go/pkg/github/repo_config.go:897.26,907.18 3 0
github.com/gizzahub/gzh-manager-go/pkg/github/repo_config.go:907.18,909.5 1 0
github.com/gizzahub/gzh-manager-go/pkg/github/repo_config.go:911.4,911.32 1 0
github.com/gizzahub/gzh-manager-go/pkg/github/repo_config.go:911.32,913.5 1 0
github.com/gizzahub/gzh-manager-go/pkg/github/repo_config.go:918.2,922.37 4 1
github.com/gizzahub/gzh-manager-go/pkg/github/repo_config.go:922.37,924.40 2 1
github.com/gizzahub/gzh-manager-go/pkg/github/repo_config.go:924.40,929.17 3 1
github.com/gizzahub/gzh-manager-go/pkg/github/repo_config.go:929.17,929.32 1 1
github.com/gizzahub/gzh-manager-go/pkg/github/repo_config.go:931.4,932.22 2 1
github.com/gizzahub/gzh-manager-go/pkg/github/repo_config.go:932.22,935.5 1 1
github.com/gizzahub/gzh-manager-go/pkg/github/repo_config.go:935.10,937.42 1 1
github.com/gizzahub/gzh-manager-go/pkg/github/repo_config.go:937.42,939.6 1 0
github.com/gizzahub/gzh-manager-go/pkg/github/repo_config.go:939.11,941.6 1 1
github.com/gizzahub/gzh-manager-go/pkg/github/repo_config.go:944.4,945.18 2 1
github.com/gizzahub/gzh-manager-go/pkg/github/repo_config.go:945.18,948.5 2 1
github.com/gizzahub/gzh-manager-go/pkg/github/repo_config.go:948.10,950.5 1 1
github.com/gizzahub/gzh-manager-go/pkg/github/repo_config.go:953.4,953.33 1 1
github.com/gizzahub/gzh-manager-go/pkg/github/repo_config.go:953.33,955.5 1 0
github.com/gizzahub/gzh-manager-go/pkg/github/repo_config.go:956.4,956.15 1 1
github.com/gizzahub/gzh-manager-go/pkg/github/repo_config.go:960.2,962.20 2 1
github.com/gizzahub/gzh-manager-go/pkg/github/repo_config.go:966.109,970.51 3 1
github.com/gizzahub/gzh-manager-go/pkg/github/repo_config.go:970.51,972.3 1 1
github.com/gizzahub/gzh-manager-go/pkg/github/repo_config.go:974.2,975.42 2 1
github.com/gizzahub/gzh-manager-go/pkg/github/repo_config.go:975.42,976.52 1 1
github.com/gizzahub/gzh-manager-go/pkg/github/repo_config.go:976.52,978.4 1 1
github.com/gizzahub/gzh-manager-go/pkg/github/repo_config.go:981.2,981.29 1 1
github.com/gizzahub/gzh-manager-go/pkg/github/repo_config.go:981.29,983.28 1 1
github.com/gizzahub/gzh-manager-go/pkg/github/repo_config.go:983.28,984.12 1 1
github.com/gizzahub/gzh-manager-go/pkg/github/repo_config.go:988.3,988.69 1 1
github.com/gizzahub/gzh-manager-go/pkg/github/repo_config.go:988.69,989.12 1 1
github.com/gizzahub/gzh-manager-go/pkg/github/repo_config.go:993.3,993.20 1 1
github.com/gizzahub/gzh-manager-go/pkg/github/repo_config.go:993.20,994.12 1 1
github.com/gizzahub/gzh-manager-go/pkg/github/repo_config.go:997.3,997.36 1 1
github.com/gizzahub/gzh-manager-go/pkg/github/repo_config.go:1000.2,1000.17 1 1
github.com/gizzahub/gzh-manager-go/pkg/github/repo_config.go:1004.133,1007.16 2 1
github.com/gizzahub/gzh-manager-go/pkg/github/repo_config.go:1007.16,1009.3 1 1
github.com/gizzahub/gzh-manager-go/pkg/github/repo_config.go:1012.2,1012.54 1 0
github.com/gizzahub/gzh-manager-go/pkg/github/repo_config.go:1012.54,1014.3 1 0
github.com/gizzahub/gzh-manager-go/pkg/github/repo_config.go:1017.2,1017.46 1 0
github.com/gizzahub/gzh-manager-go/pkg/github/repo_config.go:1017.46,1019.19 1 0
github.com/gizzahub/gzh-manager-go/pkg/github/repo_config.go:1019.19,1021.4 1 0
github.com/gizzahub/gzh-manager-go/pkg/github/repo_config.go:1025.2,1025.12 1 0
github.com/gizzahub/gzh-manager-go/pkg/github/token_validator.go:90.66,94.2 1 1
github.com/gizzahub/gzh-manager-go/pkg/github/token_validator.go:97.89,106.16 3 1
github.com/gizzahub/gzh-manager-go/pkg/github/token_validator.go:106.16,109.3 2 0
github.com/gizzahub/gzh-manager-go/pkg/github/token_validator.go:111.2,114.27 2 1
github.com/gizzahub/gzh-manager-go/pkg/github/token_validator.go:114.27,118.3 3 0
github.com/gizzahub/gzh-manager-go/pkg/github/token_validator.go:120.2,121.20 2 1
github.com/gizzahub/gzh-manager-go/pkg/github/token_validator.go:125.114,127.16 2 1
github.com/gizzahub/gzh-manager-go/pkg/github/token_validator.go:127.16,129.3 1 0
github.com/gizzahub/gzh-manager-go/pkg/github/token_validator.go:131.2,131.19 1 1
github.com/gizzahub/gzh-manager-go/pkg/github/token_validator.go:131.19,133.3 1 0
github.com/gizzahub/gzh-manager-go/pkg/github/token_validator.go:136.2,137.13 2 1
github.com/gizzahub/gzh-manager-go/pkg/github/token_validator.go:137.13,140.3 2 1
github.com/gizzahub/gzh-manager-go/pkg/github/token_validator.go:143.2,143.35 1 1
github.com/gizzahub/gzh-manager-go/pkg/github/token_validator.go:143.35,144.47 1 1
github.com/gizzahub/gzh-manager-go/pkg/github/token_validator.go:144.47,146.4 1 1
github.com/gizzahub/gzh-manager-go/pkg/github/token_validator.go:150.2,155.20 3 1
github.com/gizzahub/gzh-manager-go/pkg/github/token_validator.go:159.135,161.16 2 1
github.com/gizzahub/gzh-manager-go/pkg/github/token_validator.go:161.16,163.3 1 0
github.com/gizzahub/gzh-manager-go/pkg/github/token_validator.go:165.2,165.19 1 1
github.com/gizzahub/gzh-manager-go/pkg/github/token_validator.go:165.19,167.3 1 0
github.com/gizzahub/gzh-manager-go/pkg/github/token_validator.go:170.2,171.16 2 1
github.com/gizzahub/gzh-manager-go/pkg/github/token_validator.go:171.16,175.3 2 1
github.com/gizzahub/gzh-manager-go/pkg/github/token_validator.go:177.2,177.20 1 1
github.com/gizzahub/gzh-manager-go/pkg/github/token_validator.go:181.81,189.16 3 1
github.com/gizzahub/gzh-manager-go/pkg/github/token_validator.go:189.16,191.3 1 0
github.com/gizzahub/gzh-manager-go/pkg/github/token_validator.go:192.2,196.16 3 1
github.com/gizzahub/gzh-manager-go/pkg/github/token_validator.go:196.16,199.3 1 0
github.com/gizzahub/gzh-manager-go/pkg/github/token_validator.go:199.8,201.3 1 1
github.com/gizzahub/gzh-manager-go/pkg/github/token_validator.go:204.2,205.16 2 1
github.com/gizzahub/gzh-manager-go/pkg/github/token_validator.go:205.16,207.3 1 0
github.com/gizzahub/gzh-manager-go/pkg/github/token_validator.go:209.2,209.18 1 1
github.com/gizzahub/gzh-manager-go/pkg/github/token_validator.go:213.78,215.16 2 1
github.com/gizzahub/gzh-manager-go/pkg/github/token_validator.go:215.16,217.3 1 0
github.com/gizzahub/gzh-manager-go/pkg/github/token_validator.go:218.2,222.16 4 1
github.com/gizzahub/gzh-manager-go/pkg/github/token_validator.go:222.16,224.3 1 0
github.com/gizzahub/gzh-manager-go/pkg/github/token_validator.go:226.2,226.19 1 1
github.com/gizzahub/gzh-manager-go/pkg/github/token_validator.go:230.85,232.16 2 1
github.com/gizzahub/gzh-manager-go/pkg/github/token_validator.go:232.16,234.3 1 0
github.com/gizzahub/gzh-manager-go/pkg/github/token_validator.go:235.2,244.16 4 1
github.com/gizzahub/gzh-manager-go/pkg/github/token_validator.go:244.16,246.3 1 0
github.com/gizzahub/gzh-manager-go/pkg/github/token_validator.go:248.2,248.41 1 1
github.com/gizzahub/gzh-manager-go/pkg/github/token_validator.go:248.41,250.3 1 1
github.com/gizzahub/gzh-manager-go/pkg/github/token_validator.go:252.2,252.30 1 0
github.com/gizzahub/gzh-manager-go/pkg/github/token_validator.go:256.87,265.36 3 1
github.com/gizzahub/gzh-manager-go/pkg/github/token_validator.go:265.36,268.3 2 1
github.com/gizzahub/gzh-manager-go/pkg/github/token_validator.go:270.2,270.12 1 1
github.com/gizzahub/gzh-manager-go/pkg/github/token_validator.go:274.80,275.15 1 1
github.com/gizzahub/gzh-manager-go/pkg/github/token_validator.go:276.27,277.25 1 1
github.com/gizzahub/gzh-manager-go/pkg/github/token_validator.go:278.33,279.24 1 1
github.com/gizzahub/gzh-manager-go/pkg/github/token_validator.go:280.10,281.24 1 1
github.com/gizzahub/gzh-manager-go/pkg/github/token_validator.go:286.92,288.13 2 1
github.com/gizzahub/gzh-manager-go/pkg/github/token_validator.go:288.13,290.3 1 1
github.com/gizzahub/gzh-manager-go/pkg/github/token_validator.go:292.2,292.55 1 1
github.com/gizzahub/gzh-manager-go/pkg/github/token_validator.go:296.93,305.2 2 1
github.com/gizzahub/gzh-manager-go/pkg/github/token_validator.go:308.95,312.2 2 1
github.com/gizzahub/gzh-manager-go/pkg/github/token_validator.go:315.72,316.34 1 1
github.com/gizzahub/gzh-manager-go/pkg/github/token_validator.go:316.34,319.3 1 1
github.com/gizzahub/gzh-manager-go/pkg/github/token_validator.go:321.2,321.85 1 1
github.com/gizzahub/gzh-manager-go/pkg/github/token_validator.go:321.85,324.3 1 0
github.com/gizzahub/gzh-manager-go/pkg/github/token_validator.go:326.2,326.45 1 1
github.com/gizzahub/gzh-manager-go/pkg/github/token_validator.go:326.45,329.3 1 1
github.com/gizzahub/gzh-manager-go/pkg/github/token_validator.go:333.65,342.2 1 1
